Method 'SystemVoidCosmosSystemKernelStart', ID = '0'
Method 'SystemVoidCosmosIL2CPURuntimeEngineInitializeApplication', ID = '1'
Method 'SystemVoidCosmosIL2CPURuntimeEngineFinalizeApplicationSystemInt32', ID = '2'
Method 'SystemBooleanCosmosIL2CPUVTablesImplIsInstanceSystemUInt32SystemUInt32SystemBoolean', ID = '3'
Method 'SystemVoidCosmosIL2CPUVTablesImplSetTypeInfoSystemInt32SystemUInt32SystemUInt32SystemUInt32arraySystemUInt32SystemUInt32arraySystemUInt32arraySystemUInt32SystemUInt32arraySystemUInt32array', ID = '4'
Method 'SystemVoidCosmosIL2CPUVTablesImplSetInterfaceInfoSystemInt32SystemInt32SystemUInt32', ID = '5'
Method 'SystemVoidCosmosIL2CPUVTablesImplSetMethodInfoSystemInt32SystemInt32SystemUInt32SystemUInt32', ID = '6'
Method 'SystemVoidCosmosIL2CPUVTablesImplSetInterfaceMethodInfoSystemInt32SystemInt32SystemUInt32SystemUInt32', ID = '7'
Method 'SystemUInt32CosmosIL2CPUVTablesImplGetMethodAddressForTypeSystemUInt32SystemUInt32', ID = '8'
Method 'SystemUInt32CosmosIL2CPUVTablesImplGetMethodAddressForInterfaceTypeSystemUInt32SystemUInt32', ID = '9'
Method 'SystemVoidCosmosIL2CPUExceptionHelperThrowNotImplementedSystemString', ID = '13'
Method 'SystemVoidCosmosIL2CPUExceptionHelperThrowOverflow', ID = '14'
Method 'SystemVoidCosmosIL2CPUExceptionHelperThrowInvalidOperationSystemString', ID = '15'
Method 'SystemVoidCosmosIL2CPUExceptionHelperThrowArgumentOutOfRangeSystemString', ID = '16'
Method 'SystemVoidSystemArrayctor', ID = '18'
Method 'SystemDelegatearraySystemMulticastDelegateGetInvocationList', ID = '19'
Method 'SystemVoidCosmosIL2CPUExceptionHelperThrowInvalidCastException', ID = '21'
Method 'SystemVoidCosmosIL2CPUExceptionHelperThrowNotFiniteNumberExceptionSystemDouble', ID = '22'
Method 'SystemVoidCosmosIL2CPUExceptionHelperThrowDivideByZeroException', ID = '23'
Method 'SystemVoidCosmosIL2CPUExceptionHelperThrowIndexOutOfRangeException', ID = '24'
Method 'SystemVoidCosmosKernelKernelctor', ID = '25'
Method 'SystemVoidCosmosDebugKernelDebuggerSendSystemString', ID = '30'
Method 'SystemVoidCosmosHALBootstrapInit', ID = '34'
Method 'CosmosHALTextScreenBaseCosmosSystemKernelGetTextScreen', ID = '35'
Method 'SystemVoidCosmosSystemGlobalInitCosmosHALTextScreenBase', ID = '36'
Method 'SystemVoidCosmosSystemKernelBeforeRun', ID = '37'
Method 'SystemVoidCosmosHALGlobalEnableInterrupts', ID = '38'
Method 'SystemVoidCosmosSystemKernelAfterRun', ID = '40'
Method 'SystemVoidCosmosIL2CPURuntimeEngineInitializeEngine', ID = '44'
Method 'SystemVoidCosmosIL2CPURuntimeEngineHeap_Initialize', ID = '45'
Method 'SystemVoidCosmosIL2CPURuntimeEngineFinalizeEngine', ID = '47'
Method 'SystemVoidCosmosIL2CPURuntimeEngineExitProcessSystemInt32', ID = '48'
Method 'SystemVoidCosmosIL2CPUVTablesImplDebugSystemString', ID = '54'
Method 'SystemVoidCosmosIL2CPUVTablesImplDebugHexSystemStringSystemUInt32', ID = '55'
Method 'SystemVoidCosmosIL2CPUVTablesImplDebugAndHaltSystemString', ID = '57'
Method 'SystemVoidCosmosDebugKernelPlugsAsmDebuggerAsmSendKernelPanicSystemUInt32', ID = '59'
Method 'SystemVoidCosmosCore_PlugsGCImplementionImplIncRefCountSystemUInt32', ID = '61'
Method 'SystemVoidCosmosCore_PlugsGCImplementionImplDecRefCountSystemUInt32', ID = '62'
Method 'SystemUInt32CosmosCore_PlugsGCImplementionImplAllocNewObjectSystemUInt32', ID = '63'
Method 'SystemVoidSystemNotImplementedExceptionctorSystemString', ID = '65'
Method 'SystemVoidSystemOverflowExceptionctorSystemString', ID = '66'
Method 'SystemVoidSystemInvalidOperationExceptionctorSystemString', ID = '67'
Method 'SystemVoidSystemArgumentOutOfRangeExceptionctorSystemString', ID = '68'
Method 'SystemDelegatearraySystemDelegateGetInvocationList', ID = '79'
Method 'SystemInt32SystemIntPtrop_ExplicitSystemIntPtr', ID = '82'
Method 'SystemVoidSystemInvalidCastExceptionctor', ID = '83'
Method 'SystemVoidSystemNotFiniteNumberExceptionctorSystemDouble', ID = '85'
Method 'SystemVoidSystemDivideByZeroExceptionctor', ID = '86'
Method 'SystemVoidSystemIndexOutOfRangeExceptionctor', ID = '87'
Method 'SystemVoidCosmosSystemKernelctor', ID = '89'
Method 'SystemVoidCosmosSystemGlobalcctor', ID = '91'
Method 'SystemVoidCosmosCore_PlugsSystemExceptionImplCtorSystemString', ID = '95'
Method 'SystemVoidCosmosCoreBootstrapInit', ID = '102'
Method 'SystemVoidCosmosSystemConsolectorCosmosHALTextScreenBase', ID = '104'
Method 'SystemVoidCosmosHALGlobalInitCosmosHALTextScreenBase', ID = '106'
Method 'SystemVoidCosmosSystemGlobalset_NumLockSystemBoolean', ID = '107'
Method 'SystemVoidCosmosSystemGlobalset_CapsLockSystemBoolean', ID = '108'
Method 'SystemVoidCosmosSystemGlobalset_ScrollLockSystemBoolean', ID = '109'
Method 'SystemVoidCosmosKernelKernelBeforeRun', ID = '110'
Method 'SystemVoidCosmosCoreCPUEnableInterrupts', ID = '112'
Method 'SystemVoidCosmosKernelKernelRun', ID = '113'
Method 'SystemVoidCosmosSystem_PlugsSystemConsoleImplWriteLineSystemString', ID = '115'
Method 'SystemStringSystemValueTypeToString', ID = '116'
Method 'SystemStringSystemStringToString', ID = '117'
Method 'SystemStringSystemBooleanToString', ID = '120'
Method 'SystemStringCosmosCore_PlugsSystemObjectImplToString', ID = '123'
Method 'SystemVoidCosmosIL2CPURuntimeEnginecctor', ID = '124'
Method 'SystemVoidSystemBooleancctor', ID = '130'
Method 'SystemVoidCosmosIL2CPUVTablesImplcctor', ID = '133'
Method 'SystemVoidCosmosDebugKernelDebuggerSendNumberSystemUInt32', ID = '135'
Method 'SystemVoidCosmosCoreMemoryOldGlobalSystemInfoEnsureInitialized', ID = '143'
Method 'SystemUInt32CosmosCoreMemoryOldHeapMemAllocSystemUInt32', ID = '144'
Method 'SystemVoidSystemSystemExceptionctorSystemString', ID = '146'
Method 'SystemVoidSystemExceptionset_HResultSystemInt32', ID = '147'
Method 'SystemVoidSystemArithmeticExceptionctorSystemString', ID = '149'
Method 'SystemStringSystemSRget_Arg_ArgumentOutOfRangeException', ID = '152'
Method 'SystemVoidSystemArgumentExceptionctorSystemStringSystemString', ID = '153'
Method 'SystemVoidCosmosCore_PlugsSystemObjectImplCtor', ID = '154'
Method 'SystemStringSystemSRget_Arg_InvalidCastException', ID = '168'
Method 'SystemVoidSystemDoublecctor', ID = '169'
Method 'SystemVoidSystemArithmeticExceptionctor', ID = '173'
Method 'SystemStringSystemSRget_Arg_DivideByZero', ID = '175'
Method 'SystemStringSystemSRget_Arg_IndexOutOfRangeException', ID = '177'
Method 'SystemVoidCosmosDebugKernelDebuggerctorSystemStringSystemString', ID = '178'
Method 'SystemVoidCosmosDebugKernelPlugsAsmDebuggerAsmDoSendSystemString', ID = '180'
Method 'SystemVoidSystemExceptioncctor', ID = '181'
Method 'SystemVoidCosmosCoreINTsDummy', ID = '185'
Method 'SystemVoidCosmosCorePICctor', ID = '186'
Method 'SystemVoidCosmosHALTextScreenctor', ID = '194'
Method 'SystemVoidCosmosCoreGlobalInit', ID = '197'
Method 'SystemVoidCosmosHALPCISetup', ID = '198'
Method 'SystemVoidCosmosCoreACPIStartSystemBooleanSystemBoolean', ID = '199'
Method 'SystemVoidCosmosHALPS2ControllerInitialize', ID = '201'
Method 'SystemVoidCosmosHALBlockDeviceIDEInitDriver', ID = '202'
Method 'SystemVoidCosmosHALBlockDeviceAHCIInitDriver', ID = '203'
Method 'SystemVoidCosmosSystemKeyboardManagerset_NumLockSystemBoolean', ID = '204'
Method 'SystemVoidCosmosSystemKeyboardManagerset_CapsLockSystemBoolean', ID = '205'
Method 'SystemVoidCosmosSystemKeyboardManagerset_ScrollLockSystemBoolean', ID = '206'
Method 'SystemVoidCosmosHALGlobalcctor', ID = '209'
Method 'SystemBooleanSystemStringop_EqualitySystemStringSystemString', ID = '215'
Method 'SystemStringSystemStringConcatSystemStringSystemStringSystemString', ID = '216'
Method 'SystemVoidSystemThreadingThreadSleepSystemInt32', ID = '219'
Method 'SystemStringSystemStringConcatSystemStringSystemString', ID = '225'
Method 'SystemInt32SystemConvertToInt32SystemString', ID = '226'
Method 'SystemVoidSystemConsolecctor', ID = '228'
Method 'SystemStringSystemEnvironmentget_NewLine', ID = '230'
Method 'SystemVoidCosmosSystem_PlugsSystemConsoleImplWriteSystemString', ID = '231'
Method 'SystemStringCosmosSystem_PlugsSystemInt32ImplToString', ID = '233'
Method 'SystemStringCosmosSystem_PlugsSystemUInt32ImplToString', ID = '234'
Method 'SystemStringCosmosSystem_PlugsSystemDoubleImplToString', ID = '235'
Method 'SystemStringCosmosCore_PlugsSystemExceptionImplToString', ID = '236'
Method 'SystemUInt32CosmosCoreMemoryOldGlobalSystemInfoget_TotalDataLookupTableSize', ID = '248'
Method 'SystemBooleanCosmosCoreCPUDisableInterrupts', ID = '252'
Method 'SystemVoidCosmosCoreMemoryOldHeapEnsureIsInitialized', ID = '253'
Method 'CosmosCoreMemoryOldGlobalInformationTablepointerCosmosCoreMemoryOldGlobalSystemInfoget_GlobalInformationTable', ID = '254'
Method 'SystemBooleanCosmosCoreMemoryOldHeapScanDataLookupTableCosmosCoreMemoryOldDataLookupTablepointerSystemUInt32SystemUInt32', ID = '256'
Method 'CosmosCoreMemoryOldDataLookupEntrypointerCosmosCoreMemoryOldDataLookupTableGetEntrySystemUInt32', ID = '259'
Method 'SystemVoidCosmosCoreMemoryOldHeapClearMemorySystemVoidpointerSystemUInt32', ID = '261'
Method 'SystemStringSystemSRGetResourceStringSystemStringSystemString', ID = '266'
Method 'SystemDoubleSystemBitConverterInt64BitsToDoubleSystemInt64', ID = '269'
Method 'SystemStringSystemSRget_Arg_ArithmeticException', ID = '271'
Method 'SystemVoidCosmosCoreBootstrapcctor', ID = '273'
Method 'SystemVoidCosmosCoreINTsHandleInterrupt_DefaultCosmosCoreINTsIRQContext', ID = '276'
Method 'SystemVoidCosmosCoreINTsHandleInterrupt_00CosmosCoreINTsIRQContext', ID = '277'
Method 'SystemVoidCosmosCoreINTsHandleInterrupt_01CosmosCoreINTsIRQContext', ID = '278'
Method 'SystemVoidCosmosCoreINTsHandleInterrupt_02CosmosCoreINTsIRQContext', ID = '279'
Method 'SystemVoidCosmosCoreINTsHandleInterrupt_03CosmosCoreINTsIRQContext', ID = '280'
Method 'SystemVoidCosmosCoreINTsHandleInterrupt_04CosmosCoreINTsIRQContext', ID = '281'
Method 'SystemVoidCosmosCoreINTsHandleInterrupt_05CosmosCoreINTsIRQContext', ID = '282'
Method 'SystemVoidCosmosCoreINTsHandleInterrupt_06CosmosCoreINTsIRQContext', ID = '283'
Method 'SystemVoidCosmosCoreINTsHandleInterrupt_07CosmosCoreINTsIRQContext', ID = '284'
Method 'SystemVoidCosmosCoreINTsHandleInterrupt_08CosmosCoreINTsIRQContext', ID = '285'
Method 'SystemVoidCosmosCoreINTsHandleInterrupt_09CosmosCoreINTsIRQContext', ID = '286'
Method 'SystemVoidCosmosCoreINTsHandleInterrupt_0ACosmosCoreINTsIRQContext', ID = '287'
Method 'SystemVoidCosmosCoreINTsHandleInterrupt_0BCosmosCoreINTsIRQContext', ID = '288'
Method 'SystemVoidCosmosCoreINTsHandleInterrupt_0CCosmosCoreINTsIRQContext', ID = '289'
Method 'SystemVoidCosmosCoreINTsHandleInterrupt_0DCosmosCoreINTsIRQContext', ID = '290'
Method 'SystemVoidCosmosCoreINTsHandleInterrupt_0ECosmosCoreINTsIRQContext', ID = '291'
Method 'SystemVoidCosmosCoreINTsHandleInterrupt_0FCosmosCoreINTsIRQContext', ID = '292'
Method 'SystemVoidCosmosCoreINTsHandleInterrupt_10CosmosCoreINTsIRQContext', ID = '293'
Method 'SystemVoidCosmosCoreINTsHandleInterrupt_11CosmosCoreINTsIRQContext', ID = '294'
Method 'SystemVoidCosmosCoreINTsHandleInterrupt_12CosmosCoreINTsIRQContext', ID = '295'
Method 'SystemVoidCosmosCoreINTsHandleInterrupt_13CosmosCoreINTsIRQContext', ID = '296'
Method 'SystemVoidCosmosCoreINTsHandleInterrupt_20CosmosCoreINTsIRQContext', ID = '297'
Method 'SystemVoidCosmosCoreINTsHandleInterrupt_21CosmosCoreINTsIRQContext', ID = '298'
Method 'SystemVoidCosmosCoreINTsHandleInterrupt_22CosmosCoreINTsIRQContext', ID = '299'
Method 'SystemVoidCosmosCoreINTsHandleInterrupt_23CosmosCoreINTsIRQContext', ID = '300'
Method 'SystemVoidCosmosCoreINTsHandleInterrupt_24CosmosCoreINTsIRQContext', ID = '301'
Method 'SystemVoidCosmosCoreINTsHandleInterrupt_25CosmosCoreINTsIRQContext', ID = '302'
Method 'SystemVoidCosmosCoreINTsHandleInterrupt_26CosmosCoreINTsIRQContext', ID = '303'
Method 'SystemVoidCosmosCoreINTsHandleInterrupt_27CosmosCoreINTsIRQContext', ID = '304'
Method 'SystemVoidCosmosCoreINTsHandleInterrupt_28CosmosCoreINTsIRQContext', ID = '305'
Method 'SystemVoidCosmosCoreINTsHandleInterrupt_29CosmosCoreINTsIRQContext', ID = '306'
Method 'SystemVoidCosmosCoreINTsHandleInterrupt_2ACosmosCoreINTsIRQContext', ID = '307'
Method 'SystemVoidCosmosCoreINTsHandleInterrupt_2BCosmosCoreINTsIRQContext', ID = '308'
Method 'SystemVoidCosmosCoreINTsHandleInterrupt_2CCosmosCoreINTsIRQContext', ID = '309'
Method 'SystemVoidCosmosCoreINTsHandleInterrupt_2DCosmosCoreINTsIRQContext', ID = '310'
Method 'SystemVoidCosmosCoreINTsHandleInterrupt_2ECosmosCoreINTsIRQContext', ID = '311'
Method 'SystemVoidCosmosCoreINTsHandleInterrupt_2FCosmosCoreINTsIRQContext', ID = '312'
Method 'SystemVoidCosmosCoreINTsHandleInterrupt_30CosmosCoreINTsIRQContext', ID = '313'
Method 'SystemVoidCosmosCoreINTsHandleInterrupt_35CosmosCoreINTsIRQContext', ID = '314'
Method 'SystemVoidCosmosCoreINTsHandleInterrupt_40CosmosCoreINTsIRQContext', ID = '315'
Method 'SystemVoidCosmosCoreINTsHandleInterrupt_41CosmosCoreINTsIRQContext', ID = '316'
Method 'SystemVoidCosmosCoreINTsHandleInterrupt_42CosmosCoreINTsIRQContext', ID = '317'
Method 'SystemVoidCosmosCoreINTsHandleInterrupt_43CosmosCoreINTsIRQContext', ID = '318'
Method 'SystemVoidCosmosCoreINTsHandleInterrupt_44CosmosCoreINTsIRQContext', ID = '319'
Method 'SystemVoidCosmosCoreINTsHandleInterrupt_45CosmosCoreINTsIRQContext', ID = '320'
Method 'SystemVoidCosmosCoreINTsHandleInterrupt_46CosmosCoreINTsIRQContext', ID = '321'
Method 'SystemVoidCosmosCoreINTsHandleInterrupt_47CosmosCoreINTsIRQContext', ID = '322'
Method 'SystemVoidCosmosCoreINTsHandleInterrupt_48CosmosCoreINTsIRQContext', ID = '323'
Method 'SystemVoidCosmosCoreINTsHandleInterrupt_49CosmosCoreINTsIRQContext', ID = '324'
Method 'SystemVoidCosmosCoreIOGroupPICctorSystemBoolean', ID = '326'
Method 'SystemVoidCosmosCorePICRemapSystemByteSystemByteSystemByteSystemByte', ID = '327'
Method 'SystemVoidCosmosCore_AsmCPUImplUpdateIDTSystemBoolean', ID = '328'
Method 'SystemVoidCosmosCore_AsmCPUImplInitSSE', ID = '329'
Method 'SystemVoidCosmosCore_AsmCPUImplInitFloat', ID = '330'
Method 'SystemVoidCosmosCoreIOGroupTextScreenctor', ID = '332'
Method 'SystemVoidCosmosHALTextScreenBasector', ID = '333'
Method 'SystemVoidSystemCollectionsGenericList1CosmosHALPCIDevicector', ID = '343'
Method 'SystemUInt16CosmosHALPCIDeviceGetHeaderTypeSystemUInt16SystemUInt16SystemUInt16', ID = '345'
Method 'SystemVoidCosmosHALPCICheckBusSystemUInt16', ID = '346'
Method 'SystemUInt16CosmosHALPCIDeviceGetVendorIDSystemUInt16SystemUInt16SystemUInt16', ID = '347'
Method 'SystemBooleanCosmosCoreACPIInit', ID = '349'
Method 'SystemVoidCosmosCoreACPIEnable', ID = '350'
Method 'SystemVoidCosmosHALPS2ControllerSendCommandCosmosHALPS2ControllerCommandSystemNullable1SystemByte', ID = '353'
Method 'SystemByteCosmosHALPS2ControllerReadData', ID = '354'
Method 'SystemBooleanCosmosHALPS2ControllerWaitToReadData', ID = '355'
Method 'SystemVoidSystemNullable1SystemBytectorSystemByte', ID = '356'
Method 'SystemBooleanCosmosHALPS2ControllerTestPortSystemByte', ID = '357'
Method 'SystemVoidCosmosHALPS2ControllerIdentifyDeviceSystemByteCosmosHALDevice', ID = '358'
Method 'SystemVoidCosmosHALBlockDeviceIDEInitializeCosmosHALBlockDeviceAtaControllerIdEnumCosmosHALBlockDeviceAtaBusPositionEnum', ID = '361'
Method 'SystemVoidCosmosHALBlockDeviceAHCIctorCosmosHALPCIDevice', ID = '364'
Method 'SystemVoidCosmosSystem_PlugsSystemConsoleImplset_ForegroundColorSystemConsoleColor', ID = '370'
Method 'SystemVoidCosmosSystem_PlugsSystemConsoleImplResetColor', ID = '371'
Method 'SystemVoidCosmosHALPITctor', ID = '372'
Method 'SystemVoidCosmosHALPS2Controllerctor', ID = '374'
Method 'SystemVoidCosmosCore_AsmCPUImplDoEnableInterrupts', ID = '375'
Method 'SystemStringCosmosSystem_PlugsSystemConsoleImplReadLine', ID = '376'
Method 'SystemBooleanSystemStringEqualsSystemStringSystemString', ID = '377'
Method 'SystemBooleanSystemStringIsNullOrEmptySystemString', ID = '378'
Method 'SystemVoidSystemStringFillStringCheckedSystemStringSystemInt32SystemString', ID = '381'
Method 'SystemVoidCosmosSystem_PlugsSystemConsoleImplClear', ID = '382'
Method 'SystemVoidCosmosSystem_PlugsSystemConsoleImplset_BackgroundColorSystemConsoleColor', ID = '383'
Method 'SystemVoidInternalRuntimeAugmentsRuntimeThreadSleepSystemInt32', ID = '385'
Method 'SystemStringCosmosCore_PlugsSystemStringImplFormatSystemStringSystemObjectSystemObjectSystemObject', ID = '386'
Method 'SystemConsoleKeyInfoCosmosSystem_PlugsSystemConsoleImplReadKey', ID = '388'
Method 'SystemVoidCosmosSystem_PlugsSystemRandomImplCtor', ID = '390'
Method 'SystemInt32CosmosSystem_PlugsSystemRandomImplNextSystemInt32SystemInt32', ID = '391'
Method 'SystemInt32CosmosSystem_PlugsSystemInt32ImplParseSystemString', ID = '392'
Method 'SystemInt32SystemInt32ParseSystemStringSystemIFormatProvider', ID = '395'
Method 'SystemStringCosmosCore_PlugsSystemStringImplFormatSystemStringSystemObjectSystemObject', ID = '396'
Method 'SystemVoidCosmosSystem_PlugsSystemConsoleImplcctor', ID = '400'
Method 'CosmosSystemConsoleCosmosSystem_PlugsSystemConsoleImplGetConsole', ID = '402'
Method 'SystemBytearraySystemTextEncodingGetBytesSystemString', ID = '404'
Method 'SystemVoidCosmosSystemConsoleWriteSystemBytearray', ID = '405'
Method 'SystemTypeCosmosCore_PlugsSystemObjectImplGetType', ID = '407'
Method 'SystemStringCosmosCommonStringHelperGetNumberStringSystemInt32', ID = '410'
Method 'SystemStringCosmosCommonStringHelperGetNumberStringSystemUInt32', ID = '413'
Method 'SystemStringCosmosCommonStringHelperGetNumberStringSystemDouble', ID = '416'
Method 'SystemVoidCosmosCore_PlugsSystemObjectImplcctor', ID = '418'
Method 'SystemVoidCosmosDebugKernelPlugsAsmDebuggerAsmDoSendNumberSystemUInt32', ID = '419'
Method 'SystemUInt32CosmosCore_AsmCPUImplGetEndOfKernel', ID = '420'
Method 'SystemVoidCosmosCore_AsmCPUImplZeroFillSystemUInt32SystemUInt32', ID = '421'
Method 'SystemVoidCosmosCoreMemoryOldHeapcctor', ID = '422'
Method 'SystemVoidCosmosCoreMemoryOldHeapDoInitializeSystemUInt32', ID = '426'
Method 'SystemVoidSystemSRcctor', ID = '431'
Method 'SystemStringCosmosSystem_PlugsSystemIntPtrImplToString', ID = '434'
Method 'SystemVoidCosmosCoreCPUctor', ID = '437'
Method 'SystemVoidCosmosCoreINTscctor', ID = '438'
Method 'CosmosCorePICCosmosCoreGlobalget_PIC', ID = '440'
Method 'SystemVoidCosmosCorePICEoiSlave', ID = '441'
Method 'SystemVoidCosmosCorePICEoiMaster', ID = '442'
Method 'SystemVoidCosmosCoreINTsHandleExceptionSystemUInt32SystemStringSystemStringCosmosCoreINTsIRQContextSystemUInt32', ID = '443'
Method 'SystemVoidCosmosCore_AsmDelegateImplInvoke', ID = '662'
Method 'SystemVoidCosmosCoreINTsIRQSystemUInt32CosmosCoreINTsIRQContext', ID = '447'
Method 'SystemVoidCosmosCoreIOPortctorSystemUInt16', ID = '450'
Method 'SystemVoidCosmosCoreIOGroupIOGroupctor', ID = '451'
Method 'SystemByteCosmosCoreIOPortget_Byte', ID = '453'
Method 'SystemVoidCosmosCoreIOPortset_ByteSystemByte', ID = '454'
Method 'SystemVoidCosmosCoreIOPortWait', ID = '455'
Method 'SystemVoidCosmosCoreMemoryBlockctorSystemUInt32SystemUInt32', ID = '457'
Method 'SystemVoidCosmosHALDevicector', ID = '458'
Method 'SystemVoidCosmosHALTextScreenSetColorsSystemConsoleColorSystemConsoleColor', ID = '460'
Method 'SystemUInt16CosmosHALTextScreenget_Cols', ID = '462'
Method 'SystemUInt16CosmosHALTextScreenget_Rows', ID = '463'
Method 'SystemVoidCosmosHALTextScreenSetCursorSizeSystemInt32', ID = '464'
Method 'SystemVoidCosmosHALTextScreenSetCursorVisibleSystemBoolean', ID = '465'
Method 'SystemVoidCosmosCoreGlobalcctor', ID = '466'
Method 'SystemUInt32CosmosHALPCIDeviceGetAddressBaseSystemUInt32SystemUInt32SystemUInt32', ID = '470'
Method 'SystemVoidCosmosCoreIOPortset_DWordSystemUInt32', ID = '473'
Method 'SystemUInt32CosmosCoreIOPortget_DWord', ID = '474'
Method 'SystemVoidCosmosHALPCIDevicectorSystemUInt32SystemUInt32SystemUInt32', ID = '475'
Method 'SystemVoidCosmosHALPCICheckFunctionCosmosHALPCIDevice', ID = '476'
Method 'SystemVoidCosmosCoreACPIcctor', ID = '477'
Method 'SystemUInt32CosmosCoreACPIRSDPAddress', ID = '478'
Method 'SystemInt32CosmosCoreACPIacpiCheckHeaderSystemBytepointerSystemString', ID = '479'
Method 'SystemInt32pointerCosmosCoreACPIfacpgetSystemInt32', ID = '481'
Method 'SystemInt32CosmosCoreACPICompareSystemStringSystemBytepointer', ID = '482'
Method 'SystemByteCosmosCoreACPIfacpbgetSystemInt32', ID = '486'
Method 'SystemStringSystemNullable1SystemByteToString', ID = '497'
Method 'SystemBooleanCosmosHALPS2ControllerWaitToWrite', ID = '499'
Method 'SystemVoidCosmosCoreIOPortWriteset_ByteSystemByte', ID = '501'
Method 'SystemBooleanSystemNullable1SystemByteget_HasValue', ID = '502'
Method 'SystemByteSystemNullable1SystemByteget_Value', ID = '503'
Method 'SystemByteCosmosCoreIOPortReadget_Byte', ID = '504'
Method 'SystemStringCosmosCommonExtensionsToHexStringToHexSystemByte', ID = '505'
Method 'SystemStringSystemStringConcatSystemObjectarray', ID = '506'
Method 'SystemStringSystemStringConcatSystemObjectSystemObjectSystemObject', ID = '507'
Method 'SystemVoidCosmosHALPS2ControllerSendDeviceCommandCosmosHALPS2ControllerDeviceCommandSystemBooleanSystemNullable1SystemByte', ID = '509'
Method 'SystemBooleanCosmosHALPS2ControllerReadByteAfterAckWithTimeoutSystemByte', ID = '510'
Method 'SystemVoidCosmosHALPS2MousectorSystemByteSystemByte', ID = '511'
Method 'SystemBooleanCosmosHALPS2ControllerReadDataWithTimeoutSystemByte', ID = '513'
Method 'SystemVoidCosmosHALPS2KeyboardctorSystemByte', ID = '514'
Method 'SystemVoidCosmosHALBlockDeviceIDEcctor', ID = '516'
Method 'SystemVoidCosmosHALBlockDeviceAtaPioctorCosmosCoreIOGroupATACosmosHALBlockDeviceAtaControllerIdEnumCosmosHALBlockDeviceAtaBusPositionEnum', ID = '521'
Method 'CosmosHALBlockDeviceAtaPioSpecLevelCosmosHALBlockDeviceAtaPioget_DriveType', ID = '522'
Method 'SystemVoidSystemCollectionsGenericList1CosmosHALBlockDeviceBlockDeviceAddCosmosHALBlockDeviceBlockDevice', ID = '525'
Method 'SystemVoidCosmosHALBlockDeviceMBRctorSystemBytearray', ID = '529'
Method 'SystemVoidCosmosHALBlockDeviceEBRctorSystemBytearray', ID = '531'
Method 'SystemInt32SystemCollectionsGenericList1CosmosHALBlockDeviceEBRPartInfoget_Count', ID = '533'
Method 'SystemInt32SystemCollectionsGenericList1CosmosHALBlockDeviceMBRPartInfoget_Count', ID = '534'
Method 'SystemVoidCosmosDebugKernelDebuggerSendNumberSystemInt32', ID = '535'
Method 'CosmosHALBlockDeviceMBRPartInfoSystemCollectionsGenericList1CosmosHALBlockDeviceMBRPartInfoget_ItemSystemInt32', ID = '536'
Method 'SystemStringSystemStringConcatSystemObjectSystemObject', ID = '537'
Method 'SystemVoidCosmosHALBlockDevicePartitionctorCosmosHALBlockDeviceBlockDeviceSystemUInt64SystemUInt64', ID = '539'
Method 'SystemVoidCosmosHALBlockDeviceAHCIcctor', ID = '540'
Method 'SystemVoidCosmosHALPCIDeviceEnableBusMasterSystemBoolean', ID = '541'
Method 'SystemVoidCosmosHALPCIDeviceEnableMemorySystemBoolean', ID = '542'
Method 'SystemUInt32CosmosHALPCIBaseAddressBarget_BaseAddress', ID = '543'
Method 'SystemVoidCosmosHALBlockDeviceRegistersGenericRegistersctorSystemUInt32', ID = '545'
Method 'SystemUInt32CosmosHALBlockDeviceRegistersGenericRegistersget_GlobalHostControl', ID = '547'
Method 'SystemVoidCosmosHALBlockDeviceRegistersGenericRegistersset_GlobalHostControlSystemUInt32', ID = '548'
Method 'SystemVoidCosmosHALBlockDeviceAHCIGetCapabilities', ID = '549'
Method 'SystemVoidSystemCollectionsGenericList1CosmosHALBlockDevicePortsStoragePortset_CapacitySystemInt32', ID = '552'
Method 'SystemVoidCosmosHALBlockDeviceAHCIGetPorts', ID = '553'
Method 'SystemCollectionsGenericList1EnumeratorCosmosHALBlockDevicePortsStoragePortSystemCollectionsGenericList1CosmosHALBlockDevicePortsStoragePortGetEnumerator', ID = '554'
Method 'CosmosHALBlockDevicePortsStoragePortSystemCollectionsGenericList1EnumeratorCosmosHALBlockDevicePortsStoragePortget_Current', ID = '555'
Method 'SystemBooleanSystemCollectionsGenericList1EnumeratorCosmosHALBlockDevicePortsStoragePortMoveNext', ID = '561'
Method 'SystemVoidCosmosSystemKeyboardManagercctor', ID = '564'
Method 'SystemVoidCosmosSystemConsoleset_ForegroundSystemConsoleColor', ID = '568'
Method 'SystemVoidSystemCollectionsGenericList1CosmosHALPITPITTimerctor', ID = '570'
Method 'SystemVoidCosmosHALPITHandleIRQCosmosCoreINTsIRQContext', ID = '571'
Method 'SystemVoidCosmosCore_AsmDelegateImplCtorSystemObjectSystemIntPtr', ID = '811'
Method 'SystemVoidCosmosCoreINTsSetIrqHandlerSystemByteCosmosCoreINTsIRQDelegate', ID = '573'
Method 'SystemVoidCosmosHALPITset_T0CountdownSystemUInt16', ID = '574'
Method 'SystemVoidSystemCollectionsGenericList1SystemCharctorSystemInt32', ID = '575'
Method 'CosmosSystemConsoleKeyExCosmosSystemKeyEventget_Key', ID = '576'
Method 'SystemInt32CosmosSystemConsoleget_X', ID = '577'
Method 'SystemVoidSystemCollectionsGenericList1SystemCharRemoveAtSystemInt32', ID = '578'
Method 'SystemVoidCosmosSystemConsoleset_XSystemInt32', ID = '579'
Method 'SystemCharSystemCollectionsGenericList1SystemCharget_ItemSystemInt32', ID = '580'
Method 'SystemVoidCosmosSystem_PlugsSystemConsoleImplWriteSystemChar', ID = '581'
Method 'SystemInt32SystemCollectionsGenericList1SystemCharget_Count', ID = '582'
Method 'SystemCharCosmosSystemKeyEventget_KeyChar', ID = '583'
Method 'SystemVoidSystemCollectionsGenericList1SystemCharAddSystemChar', ID = '584'
Method 'SystemVoidSystemCollectionsGenericList1SystemCharctor', ID = '585'
Method 'CosmosSystemKeyEventCosmosSystemKeyboardManagerReadKey', ID = '586'
Method 'SystemVoidCosmosSystem_PlugsSystemConsoleImplWriteLine', ID = '587'
Method 'SystemChararraySystemCollectionsGenericList1SystemCharToArray', ID = '588'
Method 'SystemInt32CosmosCore_PlugsSystemStringImplget_LengthSystemInt32', ID = '591'
Method 'SystemStringCosmosCore_PlugsSystemStringImplFastAllocateStringSystemInt32', ID = '592'
Method 'SystemVoidSystemStringwstrcpySystemCharpointerSystemCharpointerSystemInt32', ID = '593'
Method 'SystemVoidCosmosSystemConsoleClear', ID = '594'
Method 'SystemVoidCosmosSystemConsoleset_BackgroundSystemConsoleColor', ID = '596'
Method 'SystemVoidSystemArgumentNullExceptionctorSystemString', ID = '600'
Method 'SystemStringCosmosCore_PlugsSystemStringImplFormatHelperSystemIFormatProviderSystemStringSystemObjectarray', ID = '601'
Method 'SystemConsoleKeyInfoCosmosSystem_PlugsSystemConsoleImplReadKeySystemBoolean', ID = '602'
Method 'SystemVoidSystemRandomcctor', ID = '603'
Method 'SystemDoubleCosmosSystem_PlugsSystemRandomImplGetUniform', ID = '605'
Method 'SystemInt32SystemStringIndexOfSystemChar', ID = '607'
Method 'SystemVoidSystemFormatExceptionctor', ID = '608'
Method 'SystemVoidSystemConvertcctor', ID = '609'
Method 'SystemGlobalizationCultureInfoCosmosCore_PlugsSystemGlobalizationCultureInfoImplget_CurrentCulture', ID = '611'
Method 'SystemInt32SystemNumberParseInt32SystemStringSystemGlobalizationNumberStylesSystemGlobalizationNumberFormatInfo', ID = '614'
Method 'SystemTextEncodingSystemTextEncodingget_ASCII', ID = '615'
Method 'SystemStringSystemSRget_ArgumentNull_String', ID = '621'
Method 'SystemVoidSystemArgumentNullExceptionctorSystemStringSystemString', ID = '622'
Method 'SystemInt32SystemTextEncodingGetByteCountSystemString', ID = '623'
Method 'SystemInt32SystemTextEncodingGetBytesSystemStringSystemInt32SystemInt32SystemBytearraySystemInt32', ID = '624'
Method 'SystemVoidCosmosSystemConsoleDoLineFeed', ID = '625'
Method 'SystemVoidCosmosSystemConsoleDoCarriageReturn', ID = '626'
Method 'SystemVoidCosmosSystemConsoleDoTab', ID = '627'
Method 'SystemVoidCosmosSystemConsoleWriteSystemByte', ID = '628'
Method 'SystemStringSystemTypeToString', ID = '631'
Method 'SystemVoidCosmosCoreCosmosRuntimeTypectorSystemUInt32', ID = '635'
Method 'SystemInt64SystemBitConverterDoubleToInt64BitsSystemDouble', ID = '637'
Method 'SystemStringSystemCharToString', ID = '639'
Method 'SystemStringSystemStringSubstringSystemInt32SystemInt32', ID = '641'
Method 'SystemStringSystemArgumentOutOfRangeExceptionget_Message', ID = '642'
Method 'SystemStringSystemArgumentExceptionget_Message', ID = '643'
Method 'SystemStringCosmosCore_PlugsSystemExceptionImplget_Message', ID = '644'
Method 'SystemVoidCosmosCore_AsmCPUImplDoDisableInterrupts', ID = '645'
Method 'SystemUInt32CosmosCore_AsmCPUImplGetAmountOfRAM', ID = '646'
Method 'SystemStringCosmosCore_PlugsSystemSRImplInternalGetResourceStringSystemString', ID = '650'
Method 'SystemBooleanCosmosCore_PlugsSystemStringImplEqualsSystemStringSystemStringComparison', ID = '652'
Method 'SystemVoidSystemBitConvertercctor', ID = '657'
Method 'SystemVoidCosmosCoreINTsPutErrorCharSystemInt32SystemInt32SystemChar', ID = '660'
Method 'SystemVoidCosmosCoreINTsPutErrorStringSystemInt32SystemInt32SystemString', ID = '661'
Method 'SystemVoidCosmosCoreIOPortBasectorSystemUInt16', ID = '664'
Method 'SystemVoidCosmosCoreMemoryBlock08ctorSystemUInt32SystemUInt32', ID = '671'
Method 'SystemVoidCosmosCoreMemoryBlock16ctorSystemUInt32SystemUInt32', ID = '672'
Method 'SystemVoidCosmosCoreMemoryBlock32ctorSystemUInt32SystemUInt32', ID = '673'
Method 'SystemVoidCosmosCoreBaseIOGroupsctor', ID = '678'
Method 'SystemVoidSystemCollectionsGenericList1CosmosHALPCIDevicecctor', ID = '679'
Method 'SystemVoidCosmosHALPCIDevicecctor', ID = '685'
Method 'SystemUInt16CosmosHALPCIDeviceReadRegister16SystemByte', ID = '688'
Method 'SystemByteCosmosHALPCIDeviceReadRegister8SystemByte', ID = '689'
Method 'SystemVoidCosmosHALPCIDeviceset_InterruptLineSystemByte', ID = '690'
Method 'SystemUInt32CosmosHALPCIDeviceReadRegister32SystemByte', ID = '692'
Method 'SystemVoidCosmosHALPCIBaseAddressBarctorSystemUInt32', ID = '693'
Method 'SystemVoidSystemCollectionsGenericList1CosmosHALPCIDeviceAddCosmosHALPCIDevice', ID = '694'
Method 'SystemBooleanCosmosCoreACPICheck_RSDSystemUInt32', ID = '696'
Method 'SystemVoidSystemThrowHelperThrowInvalidOperationExceptionSystemExceptionResource', ID = '700'
Method 'SystemStringCosmosCommonExtensionsToHexStringConvertToHexSystemUInt32SystemInt32', ID = '703'
Method 'SystemBooleanCosmosHALPS2ControllerWaitForAck', ID = '706'
Method 'SystemVoidCosmosHALMouseBasector', ID = '709'
Method 'SystemVoidCosmosHALPS2MouseInitialize', ID = '711'
Method 'SystemVoidCosmosHALKeyboardBasector', ID = '713'
Method 'SystemVoidCosmosHALPS2KeyboardInitialize', ID = '715'
Method 'CosmosHALPCIDeviceCosmosHALPCIGetDeviceClassCosmosHALClassIDCosmosHALSubclassID', ID = '716'
Method 'SystemVoidCosmosCoreBaseIOGroupscctor', ID = '717'
Method 'SystemVoidCosmosHALBlockDeviceAtactor', ID = '720'
Method 'CosmosHALBlockDeviceAtaPioSpecLevelCosmosHALBlockDeviceAtaPioDiscoverDrive', ID = '721'
Method 'SystemVoidCosmosHALBlockDeviceAtaPioInitDrive', ID = '722'
Method 'SystemVoidCosmosHALBlockDeviceBlockDevicecctor', ID = '724'
Method 'SystemVoidSystemCollectionsGenericList1CosmosHALBlockDeviceBlockDeviceAddWithResizeCosmosHALBlockDeviceBlockDevice', ID = '726'
Method 'SystemVoidCosmosHALBlockDeviceAtacctor', ID = '727'
Method 'SystemStringCosmosHALBlockDeviceAtaToString', ID = '728'
Method 'SystemVoidCosmosHALBlockDeviceAtaPioReadBlockSystemUInt64SystemUInt64SystemBytearray', ID = '731'
Method 'SystemVoidSystemCollectionsGenericList1CosmosHALBlockDeviceMBRPartInfoctor', ID = '732'
Method 'SystemVoidCosmosHALBlockDeviceMBRParsePartitionSystemBytearraySystemUInt32', ID = '733'
Method 'SystemVoidSystemCollectionsGenericList1CosmosHALBlockDeviceEBRPartInfoctor', ID = '734'
Method 'SystemVoidCosmosHALBlockDeviceEBRParsePartitionSystemBytearraySystemUInt32', ID = '735'
Method 'SystemVoidSystemThrowHelperThrowArgumentOutOfRange_IndexException', ID = '739'
Method 'SystemVoidCosmosHALBlockDeviceBlockDevicector', ID = '741'
Method 'SystemUInt64CosmosHALBlockDeviceBlockDeviceget_BlockSize', ID = '742'
Method 'CosmosHALPCIDeviceCosmosHALPCIGetDeviceClassCosmosHALClassIDCosmosHALSubclassIDCosmosHALProgramIF', ID = '743'
Method 'SystemVoidSystemCollectionsGenericList1CosmosHALBlockDevicePortsStoragePortctor', ID = '744'
Method 'SystemVoidCosmosHALPCIDeviceWriteRegister16SystemByteSystemUInt16', ID = '745'
Method 'SystemUInt32CosmosCoreMemoryBlockget_ItemSystemUInt32', ID = '747'
Method 'SystemVoidCosmosCoreMemoryBlockset_ItemSystemUInt32SystemUInt32', ID = '748'
Method 'SystemUInt32CosmosHALBlockDeviceRegistersGenericRegistersget_Capabilities', ID = '749'
Method 'SystemVoidSystemThrowHelperThrowArgumentOutOfRangeExceptionSystemExceptionArgumentSystemExceptionResource', ID = '770'
Method 'SystemVoidSystemArrayCopySystemArraySystemInt32SystemArraySystemInt32SystemInt32', ID = '772'
Method 'SystemUInt32CosmosHALBlockDeviceRegistersGenericRegistersget_ImplementedPorts', ID = '774'
Method 'SystemVoidCosmosHALBlockDeviceRegistersPortRegistersctorSystemUInt32SystemUInt32', ID = '775'
Method 'CosmosHALBlockDeviceRegistersPortTypeCosmosHALBlockDeviceAHCICheckPortTypeCosmosHALBlockDeviceRegistersPortRegisters', ID = '776'
Method 'SystemStringSystemStringPadLeftSystemInt32SystemChar', ID = '778'
Method 'SystemVoidCosmosHALBlockDeviceAHCIPortRebaseCosmosHALBlockDeviceRegistersPortRegistersSystemUInt32', ID = '779'
Method 'SystemVoidCosmosHALBlockDevicePortsSATActorCosmosHALBlockDeviceRegistersPortRegisters', ID = '780'
Method 'SystemVoidSystemCollectionsGenericList1CosmosHALBlockDevicePortsStoragePortAddCosmosHALBlockDevicePortsStoragePort', ID = '781'
Method 'SystemVoidSystemCollectionsGenericList1EnumeratorCosmosHALBlockDevicePortsStoragePortctorSystemCollectionsGenericList1CosmosHALBlockDevicePortsStoragePort', ID = '782'
Method 'SystemStringCosmosCore_PlugsSystemStringImplFormatSystemStringSystemObject', ID = '784'
Method 'SystemBooleanSystemCollectionsGenericList1EnumeratorCosmosHALBlockDevicePortsStoragePortMoveNextRare', ID = '785'
Method 'SystemVoidSystemCollectionsGenericList1EnumeratorCosmosHALBlockDevicePortsStoragePortDispose', ID = '789'
Method 'SystemVoidSystemCollectionsGenericList1CosmosHALKeyboardBasector', ID = '790'
Method 'SystemVoidCosmosSystemScanMapsUS_Standardctor', ID = '792'
Method 'SystemVoidSystemCollectionsGenericQueue1CosmosSystemKeyEventctor', ID = '794'
Method 'SystemCollectionsGenericIEnumerable1CosmosHALKeyboardBaseCosmosHALGlobalGetKeyboardDevices', ID = '796'
Method 'SystemVoidCosmosSystemKeyboardManagerAddKeyboardCosmosHALKeyboardBase', ID = '799'
Method 'SystemStringCosmosSystem_PlugsSystemEnumImplToString', ID = '801'
Method 'SystemConsoleColorCosmosSystemConsoleget_Background', ID = '802'
Method 'SystemUInt32CosmosHALPITget_T0DelyNS', ID = '805'
Method 'SystemInt32SystemCollectionsGenericList1CosmosHALPITPITTimerget_Count', ID = '806'
Method 'CosmosHALPITPITTimerSystemCollectionsGenericList1CosmosHALPITPITTimerget_ItemSystemInt32', ID = '807'
Method 'SystemVoidSystemCollectionsGenericList1CosmosHALPITPITTimerRemoveAtSystemInt32', ID = '809'
Method 'SystemVoidCosmosCore_AsmDelegateImplInvoke', ID = '662'
Method 'SystemVoidCosmosCoreINTsSetIntHandlerSystemByteCosmosCoreINTsIRQDelegate', ID = '812'
Method 'SystemVoidCosmosSystemConsoleUpdateCursor', ID = '820'
Method 'SystemVoidSystemCollectionsGenericList1SystemCharAddWithResizeSystemChar', ID = '821'
Method 'SystemVoidCosmosHALKeyboardBaseWaitForKey', ID = '822'
Method 'SystemInt32SystemCollectionsGenericQueue1CosmosSystemKeyEventget_Count', ID = '823'
Method 'CosmosSystemKeyEventSystemCollectionsGenericQueue1CosmosSystemKeyEventDequeue', ID = '824'
Method 'SystemVoidCosmosCore_PlugsSystemStringImplCtorSystemChararraySystemStringSystemInt32SystemCharpointer', ID = '826'
Method 'SystemBooleanCosmosCore_PlugsSystemStringImplEqualsHelperSystemStringSystemString', ID = '827'
Method 'SystemVoidSystemBufferMemcpySystemBytepointerSystemBytepointerSystemInt32', ID = '829'
Method 'SystemConsoleColorCosmosSystemConsoleget_Foreground', ID = '831'
Method 'SystemVoidCosmosCore_PlugsSystemStringImplcctor', ID = '832'
Method 'SystemStringSystemSRget_ArgumentNull_Generic', ID = '834'
Method 'SystemVoidSystemFormatExceptionctorSystemString', ID = '835'
Method 'SystemInt32CosmosCommonStringHelperGetStringToNumberSystemString', ID = '836'
Method 'SystemBooleanSystemCharIsDigitSystemChar', ID = '837'
Method 'SystemConsoleModifiersCosmosSystemKeyEventget_Modifiers', ID = '838'
Method 'SystemConsoleKeyCosmosSystemConsoleKeyExExtensionsToConsoleKeyCosmosSystemConsoleKeyEx', ID = '839'
Method 'SystemVoidSystemConsoleKeyInfoctorSystemCharSystemConsoleKeySystemBooleanSystemBooleanSystemBoolean', ID = '840'
Method 'SystemByteCosmosHALRTCget_Second', ID = '844'
Method 'SystemCharCosmosCore_PlugsSystemStringImplget_CharsSystemInt32SystemCharpointer', ID = '845'
Method 'SystemStringSystemSRget_Arg_FormatException', ID = '848'
Method 'SystemVoidCosmosCore_AsmRuntimeHelpersImplInitializeArraySystemArraySystemRuntimeFieldHandle', ID = '861'
Method 'SystemStringSystemGlobalizationCultureInfoToString', ID = '866'
Method 'SystemGlobalizationNumberFormatInfoCosmosCore_PlugsSystemGlobalizationNumberFormatInfoImplGetInstanceSystemIFormatProvider', ID = '869'
Method 'SystemVoidSystemNumberNumberBufferctorSystemBytepointer', ID = '874'
Method 'SystemVoidSystemNumberStringToNumberSystemStringSystemGlobalizationNumberStylesSystemNumberNumberBufferSystemGlobalizationNumberFormatInfoSystemBoolean', ID = '875'
Method 'SystemBooleanSystemNumberHexNumberToInt32SystemNumberNumberBufferSystemInt32', ID = '876'
Method 'SystemStringSystemSRget_Overflow_Int32', ID = '877'
Method 'SystemBooleanSystemNumberNumberToInt32SystemNumberNumberBufferSystemInt32', ID = '878'
Method 'SystemVoidCosmosCore_PlugsSystemEnvironmentImplCCtor', ID = '881'
Method 'SystemVoidSystemTextEncodingcctor', ID = '882'
Method 'SystemInt32SystemTextASCIIEncodingGetByteCountSystemString', ID = '888'
Method 'SystemInt32SystemTextASCIIEncodingGetBytesSystemStringSystemInt32SystemInt32SystemBytearraySystemInt32', ID = '890'
Method 'SystemVoidCosmosCore_PlugsSystemTypeImplCCtor', ID = '894'
Method 'SystemVoidCosmosCoreCosmosRuntimeTypector', ID = '897'
Method 'SystemVoidCosmosCommonStringHelpercctor', ID = '898'
Method 'SystemStringCosmosSystem_PlugsSystemUInt64ImplToString', ID = '899'
Method 'SystemStringSystemCharToStringSystemChar', ID = '900'
Method 'SystemChararrayCosmosCore_PlugsSystemStringImplToCharArray', ID = '901'
Method 'SystemStringSystemSRget_ArgumentOutOfRange_StartIndex', ID = '902'
Method 'SystemVoidSystemArgumentOutOfRangeExceptionctorSystemStringSystemString', ID = '903'
Method 'SystemStringSystemSRget_ArgumentOutOfRange_StartIndexLargerThanLength', ID = '904'
Method 'SystemStringSystemSRget_ArgumentOutOfRange_NegativeLength', ID = '905'
Method 'SystemStringSystemSRget_ArgumentOutOfRange_IndexLength', ID = '906'
Method 'SystemStringSystemStringInternalSubStringSystemInt32SystemInt32', ID = '907'
Method 'SystemStringSystemSRget_ArgumentOutOfRange_ActualValue', ID = '908'
Method 'SystemStringSystemSRFormatSystemStringSystemObject', ID = '909'
Method 'SystemStringSystemSRget_Arg_ParamName_Name', ID = '910'
Method 'SystemStringSystemStringToLower', ID = '912'
Method 'SystemStringCosmosSystem_PlugsSystemInt64ImplToString', ID = '913'
Method 'SystemVoidSystemNotImplementedExceptionctor', ID = '916'
Method 'SystemStringCosmosSystem_PlugsSystemByteImplToString', ID = '917'
Method 'SystemByteCosmosCore_AsmIOPortImplRead8SystemUInt16', ID = '918'
Method 'SystemVoidCosmosCore_AsmIOPortImplWrite8SystemUInt16SystemByte', ID = '919'
Method 'SystemStringCosmosSystem_PlugsSystemUInt16ImplToString', ID = '923'
Method 'SystemVoidCosmosCoreIOGroupPS2Controllerctor', ID = '924'
Method 'SystemVoidCosmosCoreIOGroupPITctor', ID = '925'
Method 'SystemVoidCosmosCoreIOGroupATActorSystemBoolean', ID = '926'
Method 'SystemVoidCosmosCoreIOGroupRTCctor', ID = '927'
Method 'SystemVoidCosmosCoreIOGroupVBEctor', ID = '928'
Method 'SystemVoidCosmosCoreIOGroupPCIctor', ID = '929'
Method 'SystemVoidCosmosCore_AsmIOPortImplWrite32SystemUInt16SystemUInt32', ID = '930'
Method 'SystemUInt32CosmosCore_AsmIOPortImplRead32SystemUInt16', ID = '931'
Method 'SystemVoidSystemCollectionsGenericList1CosmosHALPCIDeviceAddWithResizeCosmosHALPCIDevice', ID = '932'
Method 'SystemInvalidOperationExceptionSystemThrowHelperGetInvalidOperationExceptionSystemExceptionResource', ID = '935'
Method 'SystemStringCosmosCommonExtensionsToHexStringConvertToHexSystemUInt32', ID = '936'
Method 'SystemVoidCosmosCore_PlugsSystemOutOfMemoryExceptionImplCtor', ID = '938'
Method 'SystemVoidCosmosHALPS2Mousecctor', ID = '939'
Method 'SystemVoidCosmosHALPS2MouseSendCommandCosmosHALPS2MouseCommandSystemNullable1SystemByte', ID = '940'
Method 'SystemBooleanCosmosHALPS2ControllerWaitForDeviceReset', ID = '941'
Method 'SystemByteCosmosHALPS2MouseTryToEnableScrollWheel', ID = '942'
Method 'SystemByteCosmosHALPS2MouseTryToEnableAdditionalButtons', ID = '943'
Method 'SystemVoidCosmosHALPS2MouseHandleMouseCosmosCoreINTsIRQContext', ID = '944'
Method 'SystemVoidCosmosHALPS2KeyboardSendCommandCosmosHALPS2KeyboardCommandSystemNullable1SystemByte', ID = '945'
Method 'SystemVoidCosmosHALPS2KeyboardHandleIRQCosmosCoreINTsIRQContext', ID = '946'
Method 'CosmosHALPCIDeviceSystemCollectionsGenericList1CosmosHALPCIDeviceget_ItemSystemInt32', ID = '950'
Method 'SystemInt32SystemCollectionsGenericList1CosmosHALPCIDeviceget_Count', ID = '951'
Method 'SystemVoidCosmosCoreIOGroupPCSpeakerctor', ID = '952'
Method 'SystemVoidCosmosHALBlockDeviceAtaPiocctor', ID = '954'
Method 'SystemStringCosmosHALBlockDeviceAtaPioToString', ID = '955'
Method 'SystemVoidCosmosHALBlockDeviceAtaPioSelectDriveSystemByte', ID = '956'
Method 'CosmosHALBlockDeviceAtaPioStatusCosmosHALBlockDeviceAtaPioSendCmdCosmosHALBlockDeviceAtaPioCmdSystemBoolean', ID = '957'
Method 'CosmosHALBlockDeviceAtaPioStatusCosmosHALBlockDeviceAtaPioSendCmdCosmosHALBlockDeviceAtaPioCmd', ID = '958'
Method 'SystemVoidCosmosCoreIOPortBaseRead16SystemUInt16array', ID = '959'
Method 'SystemStringCosmosHALBlockDeviceAtaPioGetStringSystemUInt16arraySystemInt32SystemInt32', ID = '960'
Method 'SystemVoidSystemCollectionsGenericList1CosmosHALBlockDeviceBlockDevicector', ID = '961'
Method 'SystemVoidSystemCollectionsGenericList1CosmosHALBlockDeviceBlockDevicecctor', ID = '962'
Method 'SystemVoidSystemCollectionsGenericList1CosmosHALBlockDeviceBlockDeviceEnsureCapacitySystemInt32', ID = '968'
Method 'SystemVoidCosmosHALBlockDeviceBlockDeviceCheckDataSizeSystemBytearraySystemUInt64', ID = '971'
Method 'SystemVoidCosmosHALBlockDeviceAtaPioSelectSectorSystemUInt64SystemUInt64', ID = '972'
Method 'SystemVoidCosmosCoreIOPortBaseRead8SystemBytearray', ID = '973'
Method 'SystemUInt32SystemBitConverterToUInt32SystemBytearraySystemInt32', ID = '975'
Method 'SystemVoidCosmosHALBlockDeviceMBRPartInfoctorSystemByteSystemUInt32SystemUInt32', ID = '976'
Method 'SystemVoidSystemCollectionsGenericList1CosmosHALBlockDeviceMBRPartInfoAddCosmosHALBlockDeviceMBRPartInfo', ID = '977'
Method 'SystemVoidCosmosHALBlockDeviceEBRPartInfoctorSystemByteSystemUInt32SystemUInt32', ID = '979'
Method 'SystemVoidSystemCollectionsGenericList1CosmosHALBlockDeviceEBRPartInfoAddCosmosHALBlockDeviceEBRPartInfo', ID = '980'
Method 'SystemVoidSystemCollectionsGenericList1CosmosHALBlockDeviceEBRPartInfocctor', ID = '981'
Method 'SystemVoidSystemCollectionsGenericList1CosmosHALBlockDeviceMBRPartInfocctor', ID = '987'
Method 'SystemVoidCosmosDebugKernelPlugsAsmDebuggerAsmDoSendNumberSystemInt32', ID = '993'
Method 'SystemArgumentOutOfRangeExceptionSystemThrowHelperGetArgumentOutOfRangeExceptionSystemExceptionArgumentSystemExceptionResource', ID = '994'
Method 'SystemStringCosmosHALBlockDevicePartitionToString', ID = '995'
Method 'SystemVoidCosmosHALBlockDevicePartitionReadBlockSystemUInt64SystemUInt64SystemBytearray', ID = '996'
Method 'SystemVoidCosmosCoreIOPortset_WordSystemUInt16', ID = '998'
Method 'SystemVoidSystemCollectionsGenericList1CosmosHALBlockDevicePortsStoragePortcctor', ID = '999'
Method 'SystemUInt32CosmosHALBlockDeviceRegistersPortRegistersget_SSTS', ID = '1007'
Method 'SystemUInt32CosmosHALBlockDeviceRegistersPortRegistersget_SIG', ID = '1008'
Method 'SystemStringSystemSRget_ArgumentOutOfRange_NeedNonNegNum', ID = '1009'
Method 'SystemBooleanCosmosHALBlockDeviceAHCIStopCMDCosmosHALBlockDeviceRegistersPortRegisters', ID = '1010'
Method 'SystemVoidCosmosHALBlockDevicePortsSATAPortResetCosmosHALBlockDeviceRegistersPortRegisters', ID = '1011'
Method 'SystemVoidCosmosHALBlockDeviceRegistersPortRegistersset_CLBSystemUInt32', ID = '1012'
Method 'SystemVoidCosmosHALBlockDeviceRegistersPortRegistersset_FBSystemUInt32', ID = '1013'
Method 'SystemVoidCosmosHALBlockDeviceRegistersPortRegistersset_SERRSystemUInt32', ID = '1014'
Method 'SystemVoidCosmosHALBlockDeviceRegistersPortRegistersset_ISSystemUInt32', ID = '1015'
Method 'SystemVoidCosmosHALBlockDeviceRegistersPortRegistersset_IESystemUInt32', ID = '1016'
Method 'SystemUInt32CosmosHALBlockDeviceRegistersPortRegistersget_CLB', ID = '1017'
Method 'SystemVoidCosmosCoreMemoryBlockFillSystemByte', ID = '1018'
Method 'SystemUInt32CosmosHALBlockDeviceRegistersPortRegistersget_FB', ID = '1019'
Method 'CosmosHALBlockDeviceRegistersHBACommandHeaderarrayCosmosHALBlockDeviceAHCIGetCommandHeaderCosmosHALBlockDeviceRegistersPortRegisters', ID = '1020'
Method 'SystemBooleanCosmosHALBlockDeviceAHCIStartCMDCosmosHALBlockDeviceRegistersPortRegisters', ID = '1021'
Method 'SystemVoidCosmosHALBlockDevicePortsStoragePortctor', ID = '1023'
Method 'SystemUInt32CosmosHALBlockDeviceRegistersPortRegistersget_CMD', ID = '1024'
Method 'SystemVoidCosmosCoreMemoryGroupAHCIctorSystemUInt32', ID = '1025'
Method 'SystemVoidCosmosHALBlockDevicePortsSATASendSATA28CommandCosmosHALBlockDeviceRegistersATACommandsSystemUInt32SystemUInt32', ID = '1026'
Method 'SystemVoidCosmosCoreMemoryBlockRead16SystemUInt16array', ID = '1028'
Method 'SystemStringCosmosHALBlockDevicePortsSATAGetStringSystemUInt16arraySystemInt32SystemInt32', ID = '1029'
Method 'SystemVoidSystemCollectionsGenericList1CosmosHALBlockDevicePortsStoragePortAddWithResizeCosmosHALBlockDevicePortsStoragePort', ID = '1030'
Method 'SystemVoidSystemThrowHelperThrowInvalidOperationException_InvalidOperation_EnumFailedVersion', ID = '1031'
Method 'SystemVoidCosmosSystemScanMapBasector', ID = '1035'
Method 'CosmosSystemKeyEventarraySystemArrayEmptyCosmosSystemKeyEvent', ID = '1037'
Method 'SystemVoidSystemCollectionsGenericList1CosmosHALKeyboardBaseAddCosmosHALKeyboardBase', ID = '1039'
Method 'SystemCollectionsGenericIEnumerator1CosmosHALKeyboardBaseSystemCollectionsGenericList1CosmosHALKeyboardBaseSystemCollectionsGenericIEnumerableTGetEnumerator', ID = '1041'
Method 'SystemVoidCosmosSystemKeyboardManagerHandleScanCodeSystemByteSystemBoolean', ID = '1042'
Method 'SystemVoidCosmosCore_AsmDelegateImplCtorSystemObjectSystemIntPtr', ID = '811'
Method 'SystemVoidSystemCollectionsGenericList1CosmosHALPITPITTimercctor', ID = '1046'
Method 'SystemVoidCosmosHALPITPITTimerDispose', ID = '1052'
Method 'SystemVoidSystemCollectionsGenericList1SystemCharcctor', ID = '1055'
Method 'SystemVoidSystemCharcctor', ID = '1060'
Method 'SystemBooleanCosmosCore_PlugsSystemRuntimeCompilerServicesRuntimeHelpersImplIsReferenceOrContainsReferences', ID = '1064'
Method 'SystemVoidSystemCollectionsGenericList1SystemCharEnsureCapacitySystemInt32', ID = '1066'
Method 'CosmosCoreCPUCosmosCoreGlobalget_CPU', ID = '1067'
Method 'SystemVoidSystemCollectionsGenericQueue1CosmosSystemKeyEventThrowForEmptyQueue', ID = '1069'
Method 'SystemVoidSystemCollectionsGenericQueue1CosmosSystemKeyEventMoveNextSystemInt32', ID = '1071'
Method 'SystemVoidSystemBufferMemmoveSystemBytepointerSystemBytepointerSystemUInt32', ID = '1075'
Method 'SystemVoidCosmosHALTextScreenClear', ID = '1076'
Method 'SystemBooleanSystemStringIsNullOrWhiteSpaceSystemString', ID = '1078'
Method 'SystemBooleanSystemCharIsLatin1SystemChar', ID = '1079'
Method 'SystemGlobalizationUnicodeCategorySystemGlobalizationCharUnicodeInfoGetUnicodeCategorySystemChar', ID = '1080'
Method 'SystemStringSystemSRget_ArgumentOutOfRange_ConsoleKey', ID = '1084'
Method 'SystemInt32CosmosSystem_PlugsSystemRandomImplGenerateGlobalSeed', ID = '1085'
Method 'SystemVoidCosmosSystem_PlugsSystemRandomImplCtorSystemInt32', ID = '1086'
Method 'SystemVoidCosmosHALRTCWaitForReady', ID = '1088'
Method 'SystemByteCosmosHALRTCFromBCDSystemByte', ID = '1092'
Method 'SystemInt32CosmosCore_PlugsSystemStringImplIndexOfSystemCharSystemInt32SystemInt32', ID = '1093'
Method 'SystemVoidSystemEmptycctor', ID = '1094'
Method 'SystemStringSystemEmptyToString', ID = '1095'
Method 'SystemTypeCosmosCore_PlugsSystemTypeImplGetTypeFromHandleSystemUInt64', ID = '1097'
Method 'SystemVoidSystemDBNullcctor', ID = '1098'
Method 'SystemStringSystemDBNullToString', ID = '1099'
Method 'SystemVoidSystemSinglecctor', ID = '1106'
Method 'SystemVoidSystemDecimalcctor', ID = '1110'
Method 'SystemVoidSystemDateTimecctor', ID = '1115'
Method 'SystemVoidCosmosCore_PlugsSystemGlobalizationCultureInfoImplCCtor', ID = '1121'
Method 'SystemVoidSystemNumberNumberBuffercctor', ID = '1123'
Method 'SystemBooleanSystemNumberParseNumberSystemCharpointerSystemGlobalizationNumberStylesSystemNumberNumberBufferSystemTextStringBuilderSystemGlobalizationNumberFormatInfoSystemBoolean', ID = '1126'
Method 'SystemBooleanSystemNumberTrailingZerosSystemStringSystemInt32', ID = '1127'
Method 'SystemStringSystemSRget_Format_InvalidString', ID = '1128'
Method 'SystemBooleanSystemNumberHexNumberToUInt32SystemNumberNumberBufferSystemUInt32', ID = '1129'
Method 'SystemVoidSystemTextASCIIEncodingcctor', ID = '1130'
Method 'SystemVoidSystemTextUTF8EncodingUTF8EncodingSealedctorSystemBoolean', ID = '1132'
Method 'SystemInt32SystemTextEncodingGetByteCountSystemCharpointerSystemInt32SystemTextEncoderNLS', ID = '1134'
Method 'SystemInt32SystemTextASCIIEncodingGetByteCountSystemChararraySystemInt32SystemInt32', ID = '1135'
Method 'SystemStringSystemSRget_ArgumentNull_Array', ID = '1136'
Method 'SystemStringSystemSRget_ArgumentOutOfRange_IndexCount', ID = '1137'
Method 'SystemStringSystemSRget_ArgumentOutOfRange_Index', ID = '1138'
Method 'SystemInt32SystemTextEncodingGetBytesSystemCharpointerSystemInt32SystemBytepointerSystemInt32SystemTextEncoderNLS', ID = '1139'
Method 'SystemInt32SystemTextASCIIEncodingGetBytesSystemChararraySystemInt32SystemInt32SystemBytearraySystemInt32', ID = '1140'
Method 'SystemVoidCosmosHALTextScreenScrollUp', ID = '1141'
Method 'SystemVoidCosmosHALTextScreenset_ItemSystemInt32SystemInt32SystemByte', ID = '1142'
Method 'SystemStringCosmosCoreCosmosRuntimeTypeget_Name', ID = '1144'
Method 'SystemVoidSystemTypector', ID = '1145'
Method 'SystemStringCosmosCommonStringHelperGetNumberStringSystemUInt64', ID = '1151'
Method 'SystemStringSystemStringCreateFromCharSystemChar', ID = '1152'
Method 'SystemBooleanSystemSRUsingResourceKeys', ID = '1153'
Method 'SystemStringSystemStringJoinSystemStringSystemObjectarray', ID = '1154'
Method 'SystemStringCosmosCommonStringHelperGetNumberStringSystemInt64', ID = '1158'
Method 'SystemStringSystemSRget_Arg_NotImplementedException', ID = '1159'
Method 'SystemVoidCosmosCoreIOPortReadctorSystemUInt16', ID = '1164'
Method 'SystemVoidCosmosCoreIOPortWritectorSystemUInt16', ID = '1165'
Method 'SystemUInt16CosmosCoreIOGroupATAGetBAR0SystemBoolean', ID = '1166'
Method 'SystemUInt16CosmosCoreIOGroupATAGetBAR1SystemBoolean', ID = '1167'
Method 'SystemVoidCosmosCoreIOPortWritectorSystemUInt16SystemUInt16', ID = '1168'
Method 'SystemVoidCosmosCoreIOPortctorSystemUInt16SystemUInt16', ID = '1169'
Method 'SystemVoidCosmosCoreIOPortReadctorSystemUInt16SystemUInt16', ID = '1170'
Method 'SystemVoidSystemCollectionsGenericList1CosmosHALPCIDeviceEnsureCapacitySystemInt32', ID = '1172'
Method 'SystemStringSystemThrowHelperGetResourceStringSystemExceptionResource', ID = '1173'
Method 'SystemCharCosmosCommonExtensionsToHexStringDigitToHexCharSystemByte', ID = '1174'
Method 'SystemByteCosmosHALPS2Mouseget_PS2Port', ID = '1178'
Method 'SystemVoidCosmosHALPS2ControllerPrepareSecondPortWrite', ID = '1179'
Method 'SystemByteCosmosHALPS2ControllerReadByteAfterAck', ID = '1180'
Method 'SystemBooleanCosmosHALPS2Mouseget_HasScrollWheel', ID = '1181'
Method 'SystemVoidCosmosCore_AsmDelegateImplInvoke', ID = '662'
Method 'SystemByteCosmosHALPS2Keyboardget_PS2Port', ID = '1184'
Method 'SystemVoidCosmosCore_AsmDelegateImplInvoke', ID = '662'
Method 'SystemVoidCosmosHALPS2KeyboardUpdateLeds', ID = '1186'
Method 'SystemVoidCosmosHALBlockDeviceAtaPioWait', ID = '1189'
Method 'SystemVoidCosmosHALBlockDeviceAtaPioDebugSystemString', ID = '1192'
Method 'SystemVoidCosmosHALBlockDeviceAtaPioDebugHexSystemStringSystemUInt32', ID = '1193'
Method 'SystemVoidSystemCollectionsGenericList1CosmosHALBlockDeviceBlockDeviceset_CapacitySystemInt32', ID = '1197'
Method 'SystemVoidCosmosHALBlockDeviceBlockDeviceCheckBlockNoSystemUInt64SystemUInt64', ID = '1198'
Method 'SystemVoidCosmosCoreIOPortWriteset_WordSystemUInt16', ID = '1199'
Method 'SystemInt32SystemBitConverterReadInt32SystemBytearraySystemInt32', ID = '1200'
Method 'SystemVoidSystemCollectionsGenericList1CosmosHALBlockDeviceMBRPartInfoAddWithResizeCosmosHALBlockDeviceMBRPartInfo', ID = '1201'
Method 'SystemVoidSystemCollectionsGenericList1CosmosHALBlockDeviceEBRPartInfoAddWithResizeCosmosHALBlockDeviceEBRPartInfo', ID = '1203'
Method 'SystemStringSystemThrowHelperGetArgumentNameSystemExceptionArgument', ID = '1204'
Method 'SystemVoidCosmosCore_AsmArrayImplCopySystemArraySystemInt32SystemArraySystemInt32SystemInt32SystemBoolean', ID = '1206'
Method 'SystemVoidCosmosHALBlockDeviceRegistersPortRegistersset_CMDSystemUInt32', ID = '1207'
Method 'SystemVoidCosmosHALBlockDeviceAHCIWaitSystemInt32', ID = '1208'
Method 'SystemUInt32CosmosHALBlockDeviceRegistersPortRegistersget_CI', ID = '1209'
Method 'SystemUInt32CosmosHALBlockDeviceRegistersPortRegistersget_TFD', ID = '1210'
Method 'SystemVoidCosmosHALBlockDeviceAHCIHBAReset', ID = '1211'
Method 'SystemVoidCosmosHALBlockDeviceRegistersPortRegistersset_SCTLSystemUInt32', ID = '1212'
Method 'SystemUInt32CosmosHALBlockDeviceRegistersPortRegistersget_SCTL', ID = '1213'
Method 'SystemVoidCosmosCoreMemoryBlockFillSystemUInt32SystemUInt32SystemByte', ID = '1214'
Method 'SystemVoidCosmosHALBlockDeviceRegistersHBACommandHeaderctorSystemUInt32SystemUInt32', ID = '1217'
Method 'SystemVoidCosmosHALBlockDeviceRegistersHBACommandHeaderset_PRDTLSystemUInt16', ID = '1218'
Method 'SystemVoidCosmosHALBlockDeviceRegistersHBACommandHeaderset_CTBASystemUInt32', ID = '1219'
Method 'SystemVoidCosmosHALBlockDeviceRegistersHBACommandHeaderset_CTBAUSystemUInt32', ID = '1220'
Method 'SystemUInt32CosmosHALBlockDeviceRegistersHBACommandHeaderget_CTBA', ID = '1221'
Method 'SystemVoidCosmosHALBlockDevicePortsSATAcctor', ID = '1222'
Method 'SystemVoidCosmosHALBlockDevicePortsSATAReadBlockSystemUInt64SystemUInt64SystemBytearray', ID = '1223'
Method 'CosmosHALBlockDeviceRegistersPortTypeCosmosHALBlockDevicePortsSATAget_mPortType', ID = '1224'
Method 'SystemStringCosmosHALBlockDevicePortsSATAget_mPortName', ID = '1225'
Method 'SystemUInt32CosmosHALBlockDevicePortsSATAget_mPortNumber', ID = '1226'
Method 'SystemInt32CosmosHALBlockDevicePortsSATAFindCMDSlot', ID = '1228'
Method 'SystemVoidCosmosHALBlockDeviceRegistersHBACommandHeaderset_CFLSystemByte', ID = '1229'
Method 'SystemVoidCosmosHALBlockDeviceRegistersHBACommandHeaderset_WriteSystemByte', ID = '1230'
Method 'SystemUInt16CosmosHALBlockDeviceRegistersHBACommandHeaderget_PRDTL', ID = '1231'
Method 'SystemVoidCosmosHALBlockDeviceRegistersHBACommandTablectorSystemUInt32SystemUInt32', ID = '1232'
Method 'SystemVoidCosmosHALBlockDeviceRegistersHBAPRDTEntryset_DBASystemUInt32', ID = '1234'
Method 'SystemVoidCosmosHALBlockDeviceRegistersHBAPRDTEntryset_DBCSystemUInt32', ID = '1235'
Method 'SystemVoidCosmosHALBlockDeviceRegistersHBAPRDTEntryset_InterruptOnCompletionSystemByte', ID = '1236'
Method 'SystemUInt32CosmosHALBlockDeviceRegistersHBACommandTableget_CFIS', ID = '1237'
Method 'SystemVoidCosmosHALBlockDeviceRegistersFISRegisterH2DctorSystemUInt32', ID = '1238'
Method 'SystemVoidCosmosHALBlockDeviceRegistersFISRegisterH2Dset_FISTypeSystemByte', ID = '1239'
Method 'SystemVoidCosmosHALBlockDeviceRegistersFISRegisterH2Dset_IsCommandSystemByte', ID = '1240'
Method 'SystemVoidCosmosHALBlockDeviceRegistersFISRegisterH2Dset_CommandSystemByte', ID = '1241'
Method 'SystemVoidCosmosHALBlockDeviceRegistersFISRegisterH2Dset_DeviceSystemByte', ID = '1242'
Method 'SystemVoidCosmosHALBlockDeviceRegistersFISRegisterH2Dset_LBA0SystemByte', ID = '1243'
Method 'SystemVoidCosmosHALBlockDeviceRegistersFISRegisterH2Dset_LBA1SystemByte', ID = '1244'
Method 'SystemVoidCosmosHALBlockDeviceRegistersFISRegisterH2Dset_LBA2SystemByte', ID = '1245'
Method 'SystemVoidCosmosHALBlockDeviceRegistersFISRegisterH2Dset_CountLSystemByte', ID = '1246'
Method 'SystemVoidCosmosHALBlockDeviceRegistersPortRegistersset_CISystemUInt32', ID = '1248'
Method 'SystemUInt32CosmosHALBlockDeviceRegistersPortRegistersget_IS', ID = '1249'
Method 'SystemVoidSystemCollectionsGenericList1CosmosHALBlockDevicePortsStoragePortEnsureCapacitySystemInt32', ID = '1250'
Method 'SystemVoidSystemCollectionsGenericList1CosmosHALKeyboardBasecctor', ID = '1251'
Method 'SystemVoidSystemCollectionsGenericList1CosmosHALKeyboardBaseAddWithResizeCosmosHALKeyboardBase', ID = '1263'
Method 'SystemVoidSystemCollectionsGenericList1EnumeratorCosmosHALKeyboardBasectorSystemCollectionsGenericList1CosmosHALKeyboardBase', ID = '1264'
Method 'SystemBooleanCosmosSystemScanMapBaseScanCodeMatchesKeySystemByteCosmosSystemConsoleKeyEx', ID = '1266'
Method 'SystemBooleanCosmosSystemKeyboardManagerget_CapsLock', ID = '1267'
Method 'SystemVoidCosmosSystemKeyboardManagerUpdateLeds', ID = '1268'
Method 'SystemBooleanCosmosSystemKeyboardManagerget_NumLock', ID = '1269'
Method 'SystemBooleanCosmosSystemKeyboardManagerget_ScrollLock', ID = '1270'
Method 'SystemVoidCosmosSystemKeyboardManagerset_ControlPressedSystemBoolean', ID = '1271'
Method 'SystemVoidCosmosSystemKeyboardManagerset_ShiftPressedSystemBoolean', ID = '1272'
Method 'SystemVoidCosmosSystemKeyboardManagerset_AltPressedSystemBoolean', ID = '1273'
Method 'SystemBooleanCosmosSystemKeyboardManagerget_ControlPressed', ID = '1274'
Method 'SystemBooleanCosmosSystemKeyboardManagerget_AltPressed', ID = '1275'
Method 'SystemVoidCosmosSystemPowerReboot', ID = '1276'
Method 'SystemBooleanCosmosSystemKeyboardManagerGetKeySystemByteCosmosSystemKeyEvent', ID = '1277'
Method 'SystemVoidCosmosSystemKeyboardManagerEnqueueCosmosSystemKeyEvent', ID = '1278'
Method 'SystemByteCosmosHALTextScreenGetColor', ID = '1280'
Method 'SystemVoidCosmosHALPITUnregisterTimerSystemInt32', ID = '1281'
Method 'SystemVoidCosmosHALTextScreenSetCursorPosSystemInt32SystemInt32', ID = '1285'
Method 'SystemVoidSystemCollectionsGenericList1SystemCharset_CapacitySystemInt32', ID = '1286'
Method 'SystemVoidCosmosCore_AsmCPUImplHalt', ID = '1287'
Method 'SystemStringSystemSRget_InvalidOperation_EmptyQueue', ID = '1288'
Method 'SystemInt32CosmosCore_PlugsSystemStringImplCompareToSystemString', ID = '1289'
Method 'SystemVoidSystemBuffer_MemmoveSystemBytepointerSystemBytepointerSystemUInt32', ID = '1292'
Method 'SystemVoidCosmosCoreMemoryBlockFillSystemUInt16', ID = '1293'
Method 'SystemBooleanSystemCharIsWhiteSpaceSystemChar', ID = '1294'
Method 'SystemGlobalizationUnicodeCategorySystemGlobalizationCharUnicodeInfoInternalGetUnicodeCategorySystemInt32', ID = '1297'
Method 'SystemVoidCosmosHALRTCcctor', ID = '1298'
Method 'SystemVoidSystemEmptyctor', ID = '1299'
Method 'SystemVoidSystemDBNullctor', ID = '1301'
Method 'SystemStringCosmosSystem_PlugsSystemSByteImplToString', ID = '1302'
Method 'SystemStringCosmosSystem_PlugsSystemInt16ImplToString', ID = '1303'
Method 'SystemSingleSystemBitConverterInt32BitsToSingleSystemInt32', ID = '1304'
Method 'SystemStringCosmosSystem_PlugsSystemSingleImplToString', ID = '1306'
Method 'SystemVoidSystemDecimalctorSystemInt32', ID = '1309'
Method 'SystemVoidSystemDecimalctorSystemInt32SystemInt32SystemInt32SystemBooleanSystemByte', ID = '1313'
Method 'SystemInt32CosmosSystem_PlugsSystemDecimalImplToString', ID = '1318'
Method 'SystemVoidSystemDateTimectorSystemInt64SystemDateTimeKind', ID = '1323'
Method 'SystemStringCosmosSystem_PlugsSystemDateTimeImplToString', ID = '1326'
Method 'SystemInt32SystemIntPtrget_Size', ID = '1328'
Method 'SystemInt32CosmosSystem_PlugsSystemRuntimeRuntimeHelpersImplget_OffsetToStringData', ID = '1329'
Method 'SystemStringSystemGlobalizationNumberFormatInfoget_CurrencySymbol', ID = '1332'
Method 'SystemStringSystemGlobalizationNumberFormatInfoget_CurrencyDecimalSeparator', ID = '1333'
Method 'SystemStringSystemGlobalizationNumberFormatInfoget_CurrencyGroupSeparator', ID = '1334'
Method 'SystemStringSystemGlobalizationNumberFormatInfoget_NumberDecimalSeparator', ID = '1335'
Method 'SystemStringSystemGlobalizationNumberFormatInfoget_NumberGroupSeparator', ID = '1336'
Method 'SystemBooleanSystemNumberIsWhiteSystemChar', ID = '1337'
Method 'SystemInt32SystemGlobalizationNumberFormatInfoget_NumberNegativePattern', ID = '1338'
Method 'SystemStringSystemGlobalizationNumberFormatInfoget_PositiveSign', ID = '1339'
Method 'SystemCharpointerSystemNumberMatchCharsSystemCharpointerSystemString', ID = '1340'
Method 'SystemStringSystemGlobalizationNumberFormatInfoget_NegativeSign', ID = '1341'
Method 'SystemTextStringBuilderSystemTextStringBuilderAppendSystemChar', ID = '1342'
Method 'SystemVoidSystemTextASCIIEncodingASCIIEncodingSealedctor', ID = '1343'
Method 'SystemVoidSystemTextUTF8EncodingctorSystemBoolean', ID = '1345'
Method 'SystemInt32SystemTextASCIIEncodingGetByteCountSystemCharpointerSystemInt32SystemTextEncoderNLS', ID = '1347'
Method 'SystemInt32SystemTextUTF8EncodingGetByteCountSystemCharpointerSystemInt32SystemTextEncoderNLS', ID = '1348'
Method 'SystemInt32SystemTextEncodingGetByteCountSystemCharpointerSystemInt32', ID = '1349'
Method 'SystemStringSystemSRget_ArgumentOutOfRange_IndexCountBuffer', ID = '1350'
Method 'SystemInt32SystemTextASCIIEncodingGetBytesSystemCharpointerSystemInt32SystemBytepointerSystemInt32SystemTextEncoderNLS', ID = '1351'
Method 'SystemInt32SystemTextUTF8EncodingGetBytesSystemCharpointerSystemInt32SystemBytepointerSystemInt32SystemTextEncoderNLS', ID = '1352'
Method 'SystemInt32SystemTextEncodingGetBytesSystemCharpointerSystemInt32SystemBytepointerSystemInt32', ID = '1353'
Method 'SystemVoidCosmosCoreMemoryBlockMoveDownSystemUInt32SystemUInt32SystemUInt32', ID = '1354'
Method 'SystemVoidCosmosCoreMemoryBlockFillSystemUInt32SystemUInt32SystemUInt16', ID = '1355'
Method 'SystemVoidCosmosCoreMemoryBlock08set_ItemSystemUInt32SystemByte', ID = '1356'
Method 'SystemVoidCosmosCore_PlugsSystemTypeImplcctor', ID = '1357'
Method 'SystemVoidSystemReflectionMemberInfoctor', ID = '1358'
Method 'SystemVoidSystemGuidcctor', ID = '1359'
Method 'SystemStringSystemGuidToString', ID = '1360'
Method 'SystemStringSystemStringJoinCoreSystemCharpointerSystemInt32SystemObjectarray', ID = '1363'
Method 'SystemStringCosmosCore_PlugsSystemStringImplToLowerSystemGlobalizationCultureInfo', ID = '1364'
Method 'SystemVoidCosmosCoreIOPortBasectorSystemUInt16SystemUInt16', ID = '1365'
Method 'SystemVoidSystemCollectionsGenericList1CosmosHALPCIDeviceset_CapacitySystemInt32', ID = '1366'
Method 'SystemStringSystemSRGetResourceStringSystemString', ID = '1367'
Method 'SystemUInt16CosmosCore_AsmIOPortImplRead16SystemUInt16', ID = '1374'
Method 'SystemVoidSystemThrowHelperThrowArgumentNullExceptionSystemExceptionArgument', ID = '1375'
Method 'SystemVoidSystemThrowHelperThrowArgumentExceptionSystemExceptionResourceSystemExceptionArgument', ID = '1376'
Method 'SystemInt32SystemRuntimeCompilerServicesUnsafeReadUnalignedSystemInt32SystemByte', ID = '1377'
Method 'SystemVoidSystemCollectionsGenericList1CosmosHALBlockDeviceMBRPartInfoEnsureCapacitySystemInt32', ID = '1378'
Method 'SystemVoidSystemCollectionsGenericList1CosmosHALBlockDeviceEBRPartInfoEnsureCapacitySystemInt32', ID = '1379'
Method 'SystemVoidCosmosCore_AsmIOPortImplWrite16SystemUInt16SystemUInt16', ID = '1380'
Method 'SystemVoidCosmosCoreMemoryOperationsFillSystemBytepointerSystemByteSystemInt32', ID = '1382'
Method 'SystemVoidCosmosCoreMemoryBlock16set_ItemSystemUInt32SystemUInt16', ID = '1388'
Method 'SystemVoidCosmosHALBlockDevicePortsSATASendSATA48CommandCosmosHALBlockDeviceRegistersATACommandsSystemUInt64SystemUInt32', ID = '1389'
Method 'SystemVoidCosmosCoreMemoryBlockRead8SystemBytearray', ID = '1390'
Method 'SystemUInt32CosmosHALBlockDeviceRegistersPortRegistersget_SACT', ID = '1391'
Method 'SystemByteCosmosCoreMemoryBlock08get_ItemSystemUInt32', ID = '1392'
Method 'SystemUInt16CosmosCoreMemoryBlock16get_ItemSystemUInt32', ID = '1393'
Method 'SystemVoidCosmosHALBlockDeviceRegistersHBAPRDTEntryctorSystemUInt32SystemUInt32', ID = '1395'
Method 'SystemVoidCosmosSystemScanMapsUS_StandardInitKeys', ID = '1397'
Method 'SystemVoidSystemArrayEmptyArray1CosmosSystemKeyEventcctor', ID = '1401'
Method 'SystemVoidSystemCollectionsGenericList1CosmosHALKeyboardBaseEnsureCapacitySystemInt32', ID = '1402'
Method 'SystemVoidSystemCollectionsGenericList1EnumeratorCosmosHALKeyboardBaseDispose', ID = '1403'
Method 'CosmosHALKeyboardBaseSystemCollectionsGenericList1EnumeratorCosmosHALKeyboardBaseget_Current', ID = '1404'
Method 'SystemBooleanSystemCollectionsGenericList1EnumeratorCosmosHALKeyboardBaseMoveNext', ID = '1405'
Method 'CosmosSystemKeyMappingSystemCollectionsGenericList1CosmosSystemKeyMappingget_ItemSystemInt32', ID = '1406'
Method 'SystemInt32SystemCollectionsGenericList1CosmosSystemKeyMappingget_Count', ID = '1408'
Method 'SystemCollectionsGenericList1EnumeratorCosmosHALKeyboardBaseSystemCollectionsGenericList1CosmosHALKeyboardBaseGetEnumerator', ID = '1409'
Method 'SystemVoidCosmosHALPowerCPUReboot', ID = '1414'
Method 'SystemBooleanCosmosSystemKeyboardManagerget_ShiftPressed', ID = '1416'
Method 'CosmosSystemKeyEventCosmosSystemScanMapBaseConvertScanCodeSystemByteSystemBooleanSystemBooleanSystemBooleanSystemBooleanSystemBooleanSystemBoolean', ID = '1417'
Method 'SystemVoidSystemCollectionsGenericQueue1CosmosSystemKeyEventEnqueueCosmosSystemKeyEvent', ID = '1418'
Method 'SystemBooleanSystemCharIsWhiteSpaceLatin1SystemChar', ID = '1420'
Method 'SystemBooleanSystemGlobalizationCharUnicodeInfoIsWhiteSpaceSystemChar', ID = '1421'
Method 'SystemByteSystemGlobalizationCharUnicodeInfoInternalGetCategoryValueSystemInt32SystemInt32', ID = '1423'
Method 'SystemStringCosmosCommonStringHelperGetNumberStringSystemSingle', ID = '1432'
Method 'SystemStringSystemSRget_ArgumentOutOfRange_DecimalScale', ID = '1433'
Method 'SystemStringSystemSRget_ArgumentOutOfRange_DateTimeBadTicks', ID = '1437'
Method 'SystemStringSystemSRget_Argument_InvalidDateTimeKind', ID = '1438'
Method 'SystemStringSystemTextStringBuilderToString', ID = '1444'
Method 'SystemCharpointerSystemNumberMatchCharsSystemCharpointerSystemCharpointer', ID = '1445'
Method 'SystemTextStringBuilderSystemTextStringBuilderAppendSystemCharSystemInt32', ID = '1446'
Method 'SystemVoidSystemTextASCIIEncodingctor', ID = '1448'
Method 'SystemInt32SystemTextUTF8EncodingGetByteCountSystemString', ID = '1450'
Method 'SystemInt32SystemTextUTF8EncodingGetBytesSystemStringSystemInt32SystemInt32SystemBytearraySystemInt32', ID = '1451'
Method 'SystemInt32SystemTextUTF8EncodingGetByteCountSystemChararraySystemInt32SystemInt32', ID = '1452'
Method 'SystemInt32SystemTextUTF8EncodingGetBytesSystemChararraySystemInt32SystemInt32SystemBytearraySystemInt32', ID = '1453'
Method 'SystemVoidSystemTextUTF8EncodingctorSystemBooleanSystemBoolean', ID = '1454'
Method 'SystemTextEncoderFallbackSystemTextEncoderget_Fallback', ID = '1456'
Method 'SystemBooleanSystemTextEncoderget_InternalHasFallbackBuffer', ID = '1458'
Method 'SystemTextEncoderFallbackBufferSystemTextEncoderget_FallbackBuffer', ID = '1459'
Method 'SystemStringSystemSRget_Argument_EncoderFallbackNotEmpty', ID = '1461'
Method 'SystemStringSystemTextEncodingget_EncodingName', ID = '1462'
Method 'SystemStringSystemSRFormatSystemStringSystemObjectSystemObject', ID = '1463'
Method 'SystemVoidSystemArgumentExceptionctorSystemString', ID = '1464'
Method 'SystemVoidSystemTextEncoderFallbackBufferInternalInitializeSystemCharpointerSystemCharpointerSystemTextEncoderNLSSystemBoolean', ID = '1465'
Method 'SystemTextEncoderFallbackSystemTextEncodingget_EncoderFallback', ID = '1466'
Method 'SystemBooleanSystemTextEncoderFallbackBufferInternalFallbackSystemCharSystemCharpointer', ID = '1468'
Method 'SystemCharSystemTextEncoderFallbackBufferInternalGetNextChar', ID = '1470'
Method 'SystemBooleanSystemTextUTF8EncodingInRangeSystemInt32SystemInt32SystemInt32', ID = '1473'
Method 'SystemBooleanSystemTextEncoderNLSget_MustFlush', ID = '1474'
Method 'SystemInt32SystemTextUTF8EncodingPtrDiffSystemCharpointerSystemCharpointer', ID = '1475'
Method 'SystemInt32SystemTextASCIIEncodingGetByteCountSystemCharpointerSystemInt32', ID = '1476'
Method 'SystemInt32SystemTextUTF8EncodingGetByteCountSystemCharpointerSystemInt32', ID = '1477'
Method 'SystemStringSystemTextEncoderReplacementFallbackget_DefaultString', ID = '1478'
Method 'SystemVoidSystemTextEncodingThrowBytesOverflowSystemTextEncoderNLSSystemBoolean', ID = '1479'
Method 'SystemInt32SystemTextUTF8EncodingPtrDiffSystemBytepointerSystemBytepointer', ID = '1481'
Method 'SystemInt32SystemTextASCIIEncodingGetBytesSystemCharpointerSystemInt32SystemBytepointerSystemInt32', ID = '1482'
Method 'SystemInt32SystemTextUTF8EncodingGetBytesSystemCharpointerSystemInt32SystemBytepointerSystemInt32', ID = '1483'
Method 'SystemVoidCosmosCoreMemoryOperationsFillSystemUInt16pointerSystemUInt16SystemInt32', ID = '1485'
Method 'SystemStringSystemGuidToStringSystemStringSystemIFormatProvider', ID = '1487'
Method 'SystemTextStringBuilderSystemTextStringBuilderCacheAcquireSystemInt32', ID = '1488'
Method 'SystemTextStringBuilderSystemTextStringBuilderAppendSystemString', ID = '1489'
Method 'SystemTextStringBuilderSystemTextStringBuilderAppendSystemCharpointerSystemInt32', ID = '1490'
Method 'SystemStringSystemTextStringBuilderCacheGetStringAndReleaseSystemTextStringBuilder', ID = '1491'
Method 'SystemStringCosmosCore_PlugsSystemStringImplChangeCasingSystemStringSystemInt32SystemInt32SystemInt32', ID = '1492'
Method 'SystemArgumentNullExceptionSystemThrowHelperGetArgumentNullExceptionSystemExceptionArgument', ID = '1493'
Method 'SystemArgumentExceptionSystemThrowHelperGetArgumentExceptionSystemExceptionResourceSystemExceptionArgument', ID = '1494'
Method 'SystemVoidSystemCollectionsGenericList1CosmosHALBlockDeviceMBRPartInfoset_CapacitySystemInt32', ID = '1496'
Method 'SystemVoidSystemCollectionsGenericList1CosmosHALBlockDeviceEBRPartInfoset_CapacitySystemInt32', ID = '1497'
Method 'SystemVoidCosmosHALBlockDeviceRegistersFISRegisterH2Dset_LBA3SystemByte', ID = '1500'
Method 'SystemVoidCosmosHALBlockDeviceRegistersFISRegisterH2Dset_LBA4SystemByte', ID = '1501'
Method 'SystemVoidCosmosHALBlockDeviceRegistersFISRegisterH2Dset_LBA5SystemByte', ID = '1502'
Method 'SystemVoidCosmosHALBlockDeviceRegistersFISRegisterH2Dset_CountHSystemByte', ID = '1503'
Method 'SystemVoidSystemCollectionsGenericList1CosmosSystemKeyMappingctorSystemInt32', ID = '1504'
Method 'SystemVoidCosmosSystemKeyMappingctorSystemByteCosmosSystemConsoleKeyEx', ID = '1505'
Method 'SystemVoidSystemCollectionsGenericList1CosmosSystemKeyMappingAddCosmosSystemKeyMapping', ID = '1506'
Method 'SystemVoidCosmosSystemKeyMappingctorSystemByteSystemCharSystemCharSystemCharSystemCharSystemCharSystemCharCosmosSystemConsoleKeyEx', ID = '1507'
Method 'SystemVoidCosmosSystemKeyMappingctorSystemByteSystemCharCosmosSystemConsoleKeyEx', ID = '1508'
Method 'SystemVoidCosmosSystemKeyMappingctorSystemByteSystemCharSystemCharSystemCharSystemCharSystemCharSystemCharCosmosSystemConsoleKeyExCosmosSystemConsoleKeyEx', ID = '1509'
Method 'SystemVoidSystemCollectionsGenericList1CosmosHALKeyboardBaseset_CapacitySystemInt32', ID = '1510'
Method 'SystemBooleanSystemCollectionsGenericList1EnumeratorCosmosHALKeyboardBaseMoveNextRare', ID = '1511'
Method 'SystemVoidCosmosCoreCPUReboot', ID = '1514'
Method 'SystemVoidCosmosSystemKeyEventctor', ID = '1515'
Method 'SystemVoidCosmosSystemKeyEventset_ModifiersSystemConsoleModifiers', ID = '1516'
Method 'SystemVoidCosmosSystemKeyEventset_TypeCosmosSystemKeyEventKeyEventType', ID = '1517'
Method 'SystemVoidCosmosSystemKeyEventset_KeyCharSystemChar', ID = '1518'
Method 'SystemVoidCosmosSystemKeyEventset_KeyCosmosSystemConsoleKeyEx', ID = '1519'
Method 'SystemVoidSystemCollectionsGenericQueue1CosmosSystemKeyEventSetCapacitySystemInt32', ID = '1520'
Method 'SystemVoidCosmosCore_PlugsSystemBufferImpl__MemmoveSystemBytepointerSystemBytepointerSystemUInt32', ID = '1521'
Method 'SystemVoidCosmosCore_PlugsSystemCharUnicodeInfoImplCctor', ID = '1522'
Method 'SystemBytearraySystemBitConverterGetBytesSystemSingle', ID = '1525'
Method 'SystemInt32SystemBitConverterToInt32SystemBytearraySystemInt32', ID = '1526'
Method 'SystemVoidCosmosSystem_PlugsSystemDateTimeImplcctor', ID = '1527'
Method 'SystemStringCosmosSystem_PlugsSystemDateTimeImplToShortDateString', ID = '1528'
Method 'SystemStringCosmosSystem_PlugsSystemDateTimeImplToLongTimeString', ID = '1529'
Method 'SystemInt32SystemTextStringBuilderget_Length', ID = '1530'
Method 'SystemStringSystemSRget_ArgumentOutOfRange_NegativeCount', ID = '1531'
Method 'SystemStringSystemSRget_ArgumentOutOfRange_LengthGreaterThanCapacity', ID = '1532'
Method 'SystemVoidSystemTextStringBuilderExpandByABlockSystemInt32', ID = '1533'
Method 'SystemVoidSystemTextEncodingctorSystemInt32', ID = '1534'
Method 'SystemVoidSystemTextUTF8Encodingcctor', ID = '1535'
Method 'SystemVoidSystemTextEncodingSetDefaultFallbacks', ID = '1536'
Method 'SystemTextEncoderFallbackSystemTextEncoderFallbackget_ReplacementFallback', ID = '1538'
Method 'SystemInt32SystemTextEncoderReplacementFallbackget_MaxCharCount', ID = '1539'
Method 'SystemBooleanSystemCharIsHighSurrogateSystemChar', ID = '1540'
Method 'SystemBooleanSystemCharIsLowSurrogateSystemChar', ID = '1541'
Method 'SystemInt32SystemCharConvertToUtf32SystemCharSystemChar', ID = '1542'
Method 'SystemVoidSystemTextEncoderFallbackBufferThrowLastCharRecursiveSystemInt32', ID = '1543'
Method 'SystemTextEncoderFallbackBufferSystemTextEncoderReplacementFallbackCreateFallbackBuffer', ID = '1546'
Method 'SystemTextEncoderFallbackBufferCosmosCore_PlugsSystemTextEncoderFallbackImplCreateFallbackBuffer', ID = '1547'
Method 'SystemVoidSystemTextEncoderFallbackBufferInternalReset', ID = '1549'
Method 'SystemVoidSystemTextEncodingThrowBytesOverflow', ID = '1550'
Method 'SystemVoidSystemTextEncoderNLSClearMustFlush', ID = '1551'
Method 'SystemVoidCosmosCore_PlugsMemoryOperationsMemoryOperationsImplCopySystemBytepointerSystemBytepointerSystemInt32', ID = '1552'
Method 'SystemStringSystemSRget_Format_InvalidGuidFormatSpecification', ID = '1554'
Method 'SystemInt32SystemGuidHexsToCharsSystemCharpointerSystemInt32SystemInt32', ID = '1555'
Method 'SystemInt32SystemGuidHexsToCharsHexOutputSystemCharpointerSystemInt32SystemInt32', ID = '1556'
Method 'SystemInt32SystemTextStringBuilderget_Capacity', ID = '1559'
Method 'SystemTextStringBuilderSystemTextStringBuilderClear', ID = '1560'
Method 'SystemVoidSystemTextStringBuilderctorSystemInt32', ID = '1561'
Method 'SystemVoidSystemTextStringBuilderAppendHelperSystemString', ID = '1562'
Method 'SystemVoidSystemTextStringBuilderThreadSafeCopySystemCharpointerSystemChararraySystemInt32SystemInt32', ID = '1563'
Method 'SystemVoidSystemTextStringBuilderCacheReleaseSystemTextStringBuilder', ID = '1564'
Method 'SystemVoidCosmosCore_PlugsMemoryOperationsMemoryOperationsImplFillSystemBytepointerSystemInt32SystemInt32', ID = '1565'
Method 'SystemVoidSystemCollectionsGenericList1CosmosSystemKeyMappingAddWithResizeCosmosSystemKeyMapping', ID = '1567'
Method 'SystemVoidCosmosSystemKeyMappingctorSystemByteSystemCharSystemCharSystemCharSystemCharSystemCharSystemCharSystemCharSystemCharSystemCharSystemCharCosmosSystemConsoleKeyEx', ID = '1568'
Method 'SystemVoidCosmosSystemKeyMappingctorSystemByteSystemCharSystemCharSystemCharSystemCharSystemCharSystemCharSystemCharCosmosSystemConsoleKeyExCosmosSystemConsoleKeyEx', ID = '1569'
Method 'SystemVoidSystemCollectionsGenericList1CosmosSystemKeyMappingcctor', ID = '1570'
Method 'SystemSingleSystemRuntimeCompilerServicesUnsafeAsSystemByteSystemSingleSystemByte', ID = '1579'
Method 'SystemInt32SystemDateTimeget_Month', ID = '1582'
Method 'SystemInt32SystemDateTimeget_Day', ID = '1583'
Method 'SystemInt32SystemDateTimeget_Year', ID = '1584'
Method 'SystemStringSystemStringConcatSystemStringarray', ID = '1585'
Method 'SystemInt32SystemDateTimeget_Hour', ID = '1586'
Method 'SystemInt32SystemDateTimeget_Minute', ID = '1587'
Method 'SystemInt32SystemDateTimeget_Second', ID = '1588'
Method 'SystemStringSystemSRget_ArgumentOutOfRange_SmallCapacity', ID = '1589'
Method 'SystemInt32SystemMathMinSystemInt32SystemInt32', ID = '1590'
Method 'SystemInt32SystemMathMaxSystemInt32SystemInt32', ID = '1591'
Method 'SystemVoidSystemTextStringBuilderctorSystemTextStringBuilder', ID = '1592'
Method 'SystemVoidSystemTextASCIIEncodingSetDefaultFallbacks', ID = '1594'
Method 'SystemVoidSystemTextUTF8EncodingSetDefaultFallbacks', ID = '1595'
Method 'SystemVoidSystemTextInternalEncoderBestFitFallbackctorSystemTextEncoding', ID = '1596'
Method 'SystemVoidSystemTextInternalDecoderBestFitFallbackctorSystemTextEncoding', ID = '1597'
Method 'SystemVoidSystemThreadingMonitorEnterSystemObjectSystemBoolean', ID = '1600'
Method 'SystemVoidSystemTextEncoderReplacementFallbackctor', ID = '1601'
Method 'SystemStringSystemSRget_ArgumentOutOfRange_InvalidHighSurrogate', ID = '1603'
Method 'SystemStringSystemSRget_ArgumentOutOfRange_InvalidLowSurrogate', ID = '1604'
Method 'SystemStringSystemSRget_Argument_RecursiveFallback', ID = '1605'
Method 'SystemVoidSystemTextEncoderReplacementFallbackBufferctorSystemTextEncoderReplacementFallback', ID = '1606'
Method 'SystemVoidSystemTextEncoderFallbackBufferReset', ID = '1608'
Method 'SystemStringSystemSRget_Argument_EncodingConversionOverflowBytes', ID = '1609'
Method 'SystemVoidCosmosCore_PlugsMemoryOperationsMemoryOperationsImplCopyTinySystemBytepointerSystemBytepointerSystemInt32', ID = '1611'
Method 'SystemInt32SystemMathDivRemSystemInt32SystemInt32SystemInt32', ID = '1612'
Method 'SystemVoidCosmosCore_PlugsMemoryOperationsMemoryOperationsImplCopy128BlocksSystemBytepointerSystemBytepointerSystemInt32', ID = '1613'
Method 'SystemCharSystemGuidHexToCharSystemInt32', ID = '1614'
Method 'SystemVoidSystemTextStringBuilderset_LengthSystemInt32', ID = '1615'
Method 'SystemVoidSystemTextStringBuilderctorSystemInt32SystemInt32', ID = '1616'
Method 'SystemVoidCosmosCore_PlugsMemoryOperationsMemoryOperationsImplFill16BlocksSystemBytepointerSystemInt32SystemInt32', ID = '1617'
Method 'SystemVoidSystemCollectionsGenericList1CosmosSystemKeyMappingEnsureCapacitySystemInt32', ID = '1618'
Method 'SystemVoidCosmosSystemKeyMappingctorSystemByteSystemCharSystemCharSystemCharSystemCharSystemCharSystemCharSystemCharSystemCharSystemCharSystemCharCosmosSystemConsoleKeyExCosmosSystemConsoleKeyEx', ID = '1619'
Method 'SystemInt32SystemDateTimeGetDatePartSystemInt32', ID = '1620'
Method 'SystemObjectSystemArrayClone', ID = '1622'
Method 'SystemInt64SystemDateTimeget_InternalTicks', ID = '1623'
Method 'SystemTextDecoderFallbackSystemTextDecoderFallbackget_ReplacementFallback', ID = '1625'
Method 'SystemTextEncoderFallbackSystemTextEncoderFallbackget_ExceptionFallback', ID = '1626'
Method 'SystemTextDecoderFallbackSystemTextDecoderFallbackget_ExceptionFallback', ID = '1627'
Method 'SystemVoidSystemTextEncoderReplacementFallbackctorSystemString', ID = '1628'
Method 'SystemVoidSystemTextDecoderReplacementFallbackctorSystemString', ID = '1629'
Method 'SystemVoidSystemTextEncoderFallbackctor', ID = '1631'
Method 'SystemVoidSystemTextDecoderFallbackctor', ID = '1633'
Method 'SystemObjectCosmosCore_PlugsSystemTextEncoderFallbackImplget_InternalSyncObject', ID = '1635'
Method 'SystemVoidSystemThreadingMonitorThrowLockTakenException', ID = '1638'
Method 'SystemVoidCosmosCore_PlugsSystemThreadingMonitorImplExitSystemObject', ID = '1640'
Method 'SystemVoidSystemTextEncoderFallbackBufferctor', ID = '1642'
Method 'SystemVoidSystemTextEncoderReplacementFallbackBufferReset', ID = '1643'
Method 'SystemVoidCosmosCore_PlugsMemoryOperationsMemoryOperationsImplCopy64BytesSystemBytepointerSystemBytepointer', ID = '1644'
Method 'SystemVoidCosmosCore_PlugsMemoryOperationsMemoryOperationsImplCopy16BytesSystemBytepointerSystemBytepointer', ID = '1645'
Method 'SystemVoidCosmosCore_PlugsMemoryOperationsMemoryOperationsImplCopy32BytesSystemBytepointerSystemBytepointer', ID = '1646'
Method 'SystemVoidCosmosCore_PlugsMemoryOperationsMemoryOperationsImplCopy128BytesSystemBytepointerSystemBytepointer', ID = '1647'
Method 'SystemInt32SystemTextStringBuilderget_MaxCapacity', ID = '1648'
Method 'SystemTextStringBuilderSystemTextStringBuilderFindChunkForIndexSystemInt32', ID = '1649'
Method 'SystemStringSystemSRget_ArgumentOutOfRange_Capacity', ID = '1650'
Method 'SystemStringSystemSRget_ArgumentOutOfRange_SmallMaxCapacity', ID = '1651'
Method 'SystemStringSystemSRget_ArgumentOutOfRange_MustBePositive', ID = '1652'
Method 'SystemVoidSystemCollectionsGenericList1CosmosSystemKeyMappingset_CapacitySystemInt32', ID = '1653'
Method 'SystemVoidSystemMathcctor', ID = '1660'
Method 'SystemVoidSystemTextDecoderReplacementFallbackctor', ID = '1663'
Method 'SystemVoidSystemTextEncoderExceptionFallbackctor', ID = '1665'
Method 'SystemVoidSystemTextDecoderExceptionFallbackctor', ID = '1667'
Method 'SystemBooleanSystemCharIsSurrogateSystemStringSystemInt32', ID = '1668'
Method 'SystemBooleanSystemCharIsHighSurrogateSystemStringSystemInt32', ID = '1669'
Method 'SystemStringSystemSRget_Argument_InvalidCharSequenceNoIndex', ID = '1670'
Method 'SystemInt32SystemTextInternalEncoderBestFitFallbackget_MaxCharCount', ID = '1672'
Method 'SystemStringSystemSRget_Argument_MustBeFalse', ID = '1674'
Method 'SystemVoidCosmosCore_PlugsSystemThreadingMonitorImplReliableEnterSystemObjectSystemBoolean', ID = '1675'
Method 'SystemInt32SystemTextEncoderReplacementFallbackBufferget_Remaining', ID = '1677'
Method 'SystemBooleanSystemTextEncoderReplacementFallbackBufferMovePrevious', ID = '1678'
Method 'SystemBooleanSystemTextEncoderReplacementFallbackBufferFallbackSystemCharSystemCharSystemInt32', ID = '1679'
Method 'SystemBooleanSystemTextEncoderReplacementFallbackBufferFallbackSystemCharSystemInt32', ID = '1680'
Method 'SystemCharSystemTextEncoderReplacementFallbackBufferGetNextChar', ID = '1681'
Method 'SystemUInt64CosmosCore_PlugsSystemObjectImplMemberwiseClone', ID = '1682'
Method 'SystemObjectCosmosCore_PlugsSystemTextDecoderFallbackImplget_InternalSyncObject', ID = '1686'
Method 'SystemBooleanSystemCharIsSurrogateSystemChar', ID = '1689'
Method 'SystemTextEncoderFallbackBufferCosmosCore_PlugsSystemTextInternalEncoderBestFitFallbackImplCreateFallbackBuffer', ID = '1690'
Method 'SystemStringSystemSRget_ArgumentOutOfRange_Range', ID = '1691'
Method 'SystemInt32SystemTextEncoderExceptionFallbackget_MaxCharCount', ID = '1693'
Method 'SystemTextEncoderFallbackBufferSystemTextEncoderExceptionFallbackCreateFallbackBuffer', ID = '1694'
Method 'SystemVoidSystemTextEncoderExceptionFallbackBufferctor', ID = '1696'
Method 'SystemInt32SystemTextEncoderExceptionFallbackBufferget_Remaining', ID = '1698'
Method 'SystemBooleanSystemTextEncoderExceptionFallbackBufferMovePrevious', ID = '1699'
Method 'SystemBooleanSystemTextEncoderExceptionFallbackBufferFallbackSystemCharSystemCharSystemInt32', ID = '1700'
Method 'SystemBooleanSystemTextEncoderExceptionFallbackBufferFallbackSystemCharSystemInt32', ID = '1701'
Method 'SystemCharSystemTextEncoderExceptionFallbackBufferGetNextChar', ID = '1702'
Method 'SystemStringSystemSRget_Argument_InvalidCodePageConversionIndex', ID = '1703'
Method 'SystemVoidSystemTextEncoderFallbackExceptionctorSystemStringSystemCharSystemCharSystemInt32', ID = '1704'
Method 'SystemVoidSystemTextEncoderFallbackExceptionctorSystemStringSystemCharSystemInt32', ID = '1705'
CreateFallbackBuffer', ID = '1710'
Method 'SystemStringSystemSRget_ArgumentOutOfRange_Range', ID = '1711'
Method 'SystemInt32SystemTextEncoderExceptionFallbackget_MaxCharCount', ID = '1713'
Method 'SystemTextEncoderFallbackBufferSystemTextEncoderExceptionFallbackCreateFallbackBuffer', ID = '1714'
Method 'SystemVoidSystemTextEncoderExceptionFallbackBufferctor', ID = '1716'
Method 'SystemInt32SystemTextEncoderExceptionFallbackBufferget_Remaining', ID = '1718'
Method 'SystemBooleanSystemTextEncoderExceptionFallbackBufferMovePrevious', ID = '1719'
Method 'SystemBooleanSystemTextEncoderExceptionFallbackBufferFallbackSystemCharSystemCharSystemInt32', ID = '1720'
Method 'SystemBooleanSystemTextEncoderExceptionFallbackBufferFallbackSystemCharSystemInt32', ID = '1721'
Method 'SystemCharSystemTextEncoderExceptionFallbackBufferGetNextChar', ID = '1722'
Method 'SystemStringSystemSRget_Argument_InvalidCodePageConversionIndex', ID = '1723'
Method 'SystemVoidSystemTextEncoderFallbackExceptionctorSystemStringSystemCharSystemCharSystemInt32', ID = '1724'
Method 'SystemVoidSystemTextEncoderFallbackExceptionctorSystemStringSystemCharSystemInt32', ID = '1725'
SystemStringSystemSRget_Argument_InvalidCodePageConversionIndex', ID = '1734'
Method 'SystemVoidSystemTextEncoderFallbackExceptionctorSystemStringSystemCharSystemCharSystemInt32', ID = '1735'
Method 'SystemVoidSystemTextEncoderFallbackExceptionctorSystemStringSystemCharSystemInt32', ID = '1736'
